2021-02-25T21:21:14.588247+00:00 app[web.1]: 2021/02/25 21:21:14 #RIG!
2021-02-25T21:21:15.223040+00:00 app[web.1]: runtime/cgo: pthread_create failed: Resource temporarily unavailable
2021-02-25T21:21:15.230987+00:00 app[web.1]: SIGABRT: abort
2021-02-25T21:21:15.231023+00:00 app[web.1]: PC=0x7fe47795518b m=2 sigcode=18446744073709551610
2021-02-25T21:21:15.231023+00:00 app[web.1]: 
2021-02-25T21:21:15.231027+00:00 app[web.1]: goroutine 0 [idle]:
2021-02-25T21:21:15.231034+00:00 app[web.1]: runtime: unknown pc 0x7fe47795518b
2021-02-25T21:21:15.231087+00:00 app[web.1]: stack: frame={sp:0x7fe450c79830, fp:0x0} stack=[0x7fe44fc7a288,0x7fe450c79e88)
2021-02-25T21:21:15.231162+00:00 app[web.1]: 00007fe450c79730:  00000000004013b0 <threadentry+0>  00007fe450c79b80
2021-02-25T21:21:15.231191+00:00 app[web.1]: 00007fe450c79740:  00007fe450c79b20  00007fe477b3d187
2021-02-25T21:21:15.231238+00:00 app[web.1]: 00007fe450c79750:  0000000000000005  0000000000daf0b0
2021-02-25T21:21:15.231264+00:00 app[web.1]: 00007fe450c79760:  00007fe450c79c40  00007fe448000c90
2021-02-25T21:21:15.231344+00:00 app[web.1]: 00007fe450c79770:  0000000000000000  0000000000ab317c
2021-02-25T21:21:15.231371+00:00 app[web.1]: 00007fe450c79780:  0000000000000000  00007fe477b3d187
2021-02-25T21:21:15.231403+00:00 app[web.1]: 00007fe450c79790:  0000000000000005  0000000000000000
2021-02-25T21:21:15.231474+00:00 app[web.1]: 00007fe450c797a0:  000000ffffffffff  0000000000000000
2021-02-25T21:21:15.231503+00:00 app[web.1]: 00007fe450c797b0:  2525252525252525  2525252525252525
2021-02-25T21:21:15.231551+00:00 app[web.1]: 00007fe450c797c0:  0000000000000000  ffffffffffffffff
2021-02-25T21:21:15.231576+00:00 app[web.1]: 00007fe450c797d0:  0000000000000000  0000000000000000
2021-02-25T21:21:15.231632+00:00 app[web.1]: 00007fe450c797e0:  000000ffffffffff  0000000000000000
2021-02-25T21:21:15.231664+00:00 app[web.1]: 00007fe450c797f0:  0000000000001000  0000000000000000
2021-02-25T21:21:15.231705+00:00 app[web.1]: 00007fe450c79800:  0000000000000000  0000000000000000
2021-02-25T21:21:15.231734+00:00 app[web.1]: 00007fe450c79810:  0000000000000000  0000000000000000
2021-02-25T21:21:15.231760+00:00 app[web.1]: 00007fe450c79820:  505f4749464e4f43  7070612f3d485441
2021-02-25T21:21:15.231802+00:00 app[web.1]: 00007fe450c79830: <0000000000000000  38782f62696c2f72
2021-02-25T21:21:15.231829+00:00 app[web.1]: 00007fe450c79840:  6e696c2d34365f36  702f756e672d7875
2021-02-25T21:21:15.231851+00:00 app[web.1]: 00007fe450c79850:  6769666e6f63676b  612e2f7070612f3a
2021-02-25T21:21:15.231888+00:00 app[web.1]: 00007fe450c79860:  6c2f7273752f7470  2d363833692f6269
2021-02-25T21:21:15.231925+00:00 app[web.1]: 00007fe450c79870:  6e672d78756e696c  6e6f63676b702f75
2021-02-25T21:21:15.232051+00:00 app[web.1]: 00007fe450c79880:  7070612f3a676966  73752f7470612e2f
2021-02-25T21:21:15.232074+00:00 app[web.1]: 00007fe450c79890:  6b702f62696c2f72  3a6769666e6f6367
2021-02-25T21:21:15.232116+00:00 app[web.1]: 00007fe450c798a0:  00007fe40bfff9e0  00007fe40bfff9e0
2021-02-25T21:21:15.232171+00:00 app[web.1]: 00007fe450c798b0:  fffffffe7fffffff  ffffffffffffffff
2021-02-25T21:21:15.232206+00:00 app[web.1]: 00007fe450c798c0:  ffffffffffffffff  ffffffffffffffff
2021-02-25T21:21:15.232238+00:00 app[web.1]: 00007fe450c798d0:  ffffffffffffffff  ffffffffffffffff
2021-02-25T21:21:15.232270+00:00 app[web.1]: 00007fe450c798e0:  ffffffffffffffff  ffffffffffffffff
2021-02-25T21:21:15.232300+00:00 app[web.1]: 00007fe450c798f0:  ffffffffffffffff  ffffffffffffffff
2021-02-25T21:21:15.232335+00:00 app[web.1]: 00007fe450c79900:  ffffffffffffffff  ffffffffffffffff
2021-02-25T21:21:15.232366+00:00 app[web.1]: 00007fe450c79910:  ffffffffffffffff  ffffffffffffffff
2021-02-25T21:21:15.232428+00:00 app[web.1]: 00007fe450c79920:  ffffffffffffffff  ffffffffffffffff
2021-02-25T21:21:15.232429+00:00 app[web.1]: runtime: unknown pc 0x7fe47795518b
2021-02-25T21:21:15.232461+00:00 app[web.1]: stack: frame={sp:0x7fe450c79830, fp:0x0} stack=[0x7fe44fc7a288,0x7fe450c79e88)
2021-02-25T21:21:15.232509+00:00 app[web.1]: 00007fe450c79730:  00000000004013b0 <threadentry+0>  00007fe450c79b80
2021-02-25T21:21:15.232540+00:00 app[web.1]: 00007fe450c79740:  00007fe450c79b20  00007fe477b3d187
2021-02-25T21:21:15.232573+00:00 app[web.1]: 00007fe450c79750:  0000000000000005  0000000000daf0b0
2021-02-25T21:21:15.232605+00:00 app[web.1]: 00007fe450c79760:  00007fe450c79c40  00007fe448000c90
2021-02-25T21:21:15.232670+00:00 app[web.1]: 00007fe450c79770:  0000000000000000  0000000000ab317c
2021-02-25T21:21:15.232814+00:00 app[web.1]: 00007fe450c79780:  0000000000000000  00007fe477b3d187
2021-02-25T21:21:15.232950+00:00 app[web.1]: 00007fe450c79790:  0000000000000005  0000000000000000
2021-02-25T21:21:15.233143+00:00 app[web.1]: 00007fe450c797a0:  000000ffffffffff  0000000000000000
2021-02-25T21:21:15.233164+00:00 app[web.1]: 00007fe450c797b0:  2525252525252525  2525252525252525
2021-02-25T21:21:15.233200+00:00 app[web.1]: 00007fe450c797c0:  0000000000000000  ffffffffffffffff
2021-02-25T21:21:15.233235+00:00 app[web.1]: 00007fe450c797d0:  0000000000000000  0000000000000000
2021-02-25T21:21:15.233271+00:00 app[web.1]: 00007fe450c797e0:  000000ffffffffff  0000000000000000
2021-02-25T21:21:15.233311+00:00 app[web.1]: 00007fe450c797f0:  0000000000001000  0000000000000000
2021-02-25T21:21:15.233349+00:00 app[web.1]: 00007fe450c79800:  0000000000000000  0000000000000000
2021-02-25T21:21:15.233387+00:00 app[web.1]: 00007fe450c79810:  0000000000000000  0000000000000000
2021-02-25T21:21:15.233426+00:00 app[web.1]: 00007fe450c79820:  505f4749464e4f43  7070612f3d485441
2021-02-25T21:21:15.233467+00:00 app[web.1]: 00007fe450c79830: <0000000000000000  38782f62696c2f72
2021-02-25T21:21:15.233490+00:00 app[web.1]: 00007fe450c79840:  6e696c2d34365f36  702f756e672d7875
2021-02-25T21:21:15.233528+00:00 app[web.1]: 00007fe450c79850:  6769666e6f63676b  612e2f7070612f3a
2021-02-25T21:21:15.233562+00:00 app[web.1]: 00007fe450c79860:  6c2f7273752f7470  2d363833692f6269
2021-02-25T21:21:15.233594+00:00 app[web.1]: 00007fe450c79870:  6e672d78756e696c  6e6f63676b702f75
2021-02-25T21:21:15.233623+00:00 app[web.1]: 00007fe450c79880:  7070612f3a676966  73752f7470612e2f
2021-02-25T21:21:15.233656+00:00 app[web.1]: 00007fe450c79890:  6b702f62696c2f72  3a6769666e6f6367
2021-02-25T21:21:15.233688+00:00 app[web.1]: 00007fe450c798a0:  00007fe40bfff9e0  00007fe40bfff9e0
2021-02-25T21:21:15.233720+00:00 app[web.1]: 00007fe450c798b0:  fffffffe7fffffff  ffffffffffffffff
2021-02-25T21:21:15.233769+00:00 app[web.1]: 00007fe450c798c0:  ffffffffffffffff  ffffffffffffffff
2021-02-25T21:21:15.233812+00:00 app[web.1]: 00007fe450c798d0:  ffffffffffffffff  ffffffffffffffff
2021-02-25T21:21:15.233815+00:00 app[web.1]: 00007fe450c798e0:  ffffffffffffffff  ffffffffffffffff
2021-02-25T21:21:15.233846+00:00 app[web.1]: 00007fe450c798f0:  ffffffffffffffff  ffffffffffffffff
2021-02-25T21:21:15.233891+00:00 app[web.1]: 00007fe450c79900:  ffffffffffffffff  ffffffffffffffff
2021-02-25T21:21:15.233918+00:00 app[web.1]: 00007fe450c79910:  ffffffffffffffff  ffffffffffffffff
2021-02-25T21:21:15.233945+00:00 app[web.1]: 00007fe450c79920:  ffffffffffffffff  ffffffffffffffff
2021-02-25T21:21:15.233948+00:00 app[web.1]: 
2021-02-25T21:21:15.233980+00:00 app[web.1]: goroutine 1 [select]:
2021-02-25T21:21:15.234010+00:00 app[web.1]: gopkg.in/tucnak/telebot%2ev2.(*Bot).Start(0xc00017e180)
2021-02-25T21:21:15.234019+00:00 app[web.1]: /tmp/codon/tmp/cache/go-path/pkg/mod/gopkg.in/tucnak/telebot.v2@v2.3.5/bot.go:182 +0x1ae
2021-02-25T21:21:15.234044+00:00 app[web.1]: main.main()
2021-02-25T21:21:15.234069+00:00 app[web.1]: /tmp/build_a6718f38_/main.go:210 +0x3bc
2021-02-25T21:21:15.234094+00:00 app[web.1]: 
2021-02-25T21:21:15.234097+00:00 app[web.1]: goroutine 36 [IO wait]:
2021-02-25T21:21:15.234131+00:00 app[web.1]: internal/poll.runtime_pollWait(0x7fe44cbfbdd0, 0x72, 0x0)
2021-02-25T21:21:15.234161+00:00 app[web.1]: /tmp/codon/tmp/cache/go1.15.8/go/src/runtime/netpoll.go:222 +0x55
2021-02-25T21:21:15.234229+00:00 app[web.1]: internal/poll.(*pollDesc).wait(0xc0004a0018, 0x72, 0x0, 0x0, 0xa00aaf)
2021-02-25T21:21:15.234255+00:00 app[web.1]: /tmp/codon/tmp/cache/go1.15.8/go/src/internal/poll/fd_poll_runtime.go:87 +0x45
2021-02-25T21:21:15.234258+00:00 app[web.1]: internal/poll.(*pollDesc).waitRead(...)
2021-02-25T21:21:15.234284+00:00 app[web.1]: /tmp/codon/tmp/cache/go1.15.8/go/src/internal/poll/fd_poll_runtime.go:92
2021-02-25T21:21:15.234406+00:00 app[web.1]: internal/poll.(*FD).Accept(0xc0004a0000, 0x0, 0x0, 0x0, 0x0, 0x0, 0x0, 0x0)
2021-02-25T21:21:15.234429+00:00 app[web.1]: /tmp/codon/tmp/cache/go1.15.8/go/src/internal/poll/fd_unix.go:394 +0x1fc
2021-02-25T21:21:15.234481+00:00 app[web.1]: net.(*netFD).accept(0xc0004a0000, 0xa0da98a816a4030, 0x0, 0x0)
2021-02-25T21:21:15.234538+00:00 app[web.1]: /tmp/codon/tmp/cache/go1.15.8/go/src/net/fd_unix.go:172 +0x45
2021-02-25T21:21:15.234584+00:00 app[web.1]: net.(*TCPListener).accept(0xc0002ec000, 0x603814ca, 0xc0000a1dd0, 0x4c6ea6)
2021-02-25T21:21:15.234611+00:00 app[web.1]: /tmp/codon/tmp/cache/go1.15.8/go/src/net/tcpsock_posix.go:139 +0x32
2021-02-25T21:21:15.234663+00:00 app[web.1]: net.(*TCPListener).Accept(0xc0002ec000, 0xc0000a1e20, 0x18, 0xc000092a80, 0x6ae6ac)
2021-02-25T21:21:15.234688+00:00 app[web.1]: /tmp/codon/tmp/cache/go1.15.8/go/src/net/tcpsock.go:261 +0x65
2021-02-25T21:21:15.234739+00:00 app[web.1]: net/http.(*Server).Serve(0xc0003620e0, 0xad27c0, 0xc0002ec000, 0x0, 0x0)
2021-02-25T21:21:15.234767+00:00 app[web.1]: /tmp/codon/tmp/cache/go1.15.8/go/src/net/http/server.go:2937 +0x266
2021-02-25T21:21:15.234799+00:00 app[web.1]: net/http.(*Server).ListenAndServe(0xc0003620e0, 0xa45868, 0xc00017e100)
2021-02-25T21:21:15.234825+00:00 app[web.1]: /tmp/codon/tmp/cache/go1.15.8/go/src/net/http/server.go:2866 +0xb7
2021-02-25T21:21:15.234859+00:00 app[web.1]: gopkg.in/tucnak/telebot%2ev2.(*Webhook).Poll(0xc00017e100, 0xc00017e180, 0xc000179b00, 0xc000100300)
2021-02-25T21:21:15.234886+00:00 app[web.1]: /tmp/codon/tmp/cache/go-path/pkg/mod/gopkg.in/tucnak/telebot.v2@v2.3.5/webhook.go:136 +0x15f
2021-02-25T21:21:15.234910+00:00 app[web.1]: created by gopkg.in/tucnak/telebot%2ev2.(*Bot).Start
2021-02-25T21:21:15.234940+00:00 app[web.1]: /tmp/codon/tmp/cache/go-path/pkg/mod/gopkg.in/tucnak/telebot.v2@v2.3.5/bot.go:179 +0xa8
2021-02-25T21:21:15.234940+00:00 app[web.1]: 
2021-02-25T21:21:15.234966+00:00 app[web.1]: goroutine 23 [chan receive, 23 minutes]:
2021-02-25T21:21:15.234991+00:00 app[web.1]: gopkg.in/tucnak/telebot%2ev2.(*Webhook).waitForStop(...)
2021-02-25T21:21:15.234996+00:00 app[web.1]: /tmp/codon/tmp/cache/go-path/pkg/mod/gopkg.in/tucnak/telebot.v2@v2.3.5/webhook.go:141
2021-02-25T21:21:15.235028+00:00 app[web.1]: gopkg.in/tucnak/telebot%2ev2.(*Webhook).Poll.func1(0xc00017e100, 0xc0003620e0, 0xc000100300)
2021-02-25T21:21:15.235061+00:00 app[web.1]: /tmp/codon/tmp/cache/go-path/pkg/mod/gopkg.in/tucnak/telebot.v2@v2.3.5/webhook.go:129 +0x34
2021-02-25T21:21:15.235064+00:00 app[web.1]: created by gopkg.in/tucnak/telebot%2ev2.(*Webhook).Poll
2021-02-25T21:21:15.235095+00:00 app[web.1]: /tmp/codon/tmp/cache/go-path/pkg/mod/gopkg.in/tucnak/telebot.v2@v2.3.5/webhook.go:128 +0x108
2021-02-25T21:21:15.235098+00:00 app[web.1]: 
2021-02-25T21:21:15.235123+00:00 app[web.1]: goroutine 466 [select]:
2021-02-25T21:21:15.235156+00:00 app[web.1]: github.com/chromedp/chromedp.(*Selector).Do(0xc00059adc0, 0xad3440, 0xc00046cf60, 0x0, 0x0)
2021-02-25T21:21:15.235187+00:00 app[web.1]: /tmp/codon/tmp/cache/go-path/pkg/mod/github.com/chromedp/chromedp@v0.6.5/query.go:162 +0x16e
2021-02-25T21:21:15.235232+00:00 app[web.1]: github.com/chromedp/chromedp.Tasks.Do(0xc00057ea80, 0x8, 0x8, 0xad3440, 0xc00046cf60, 0x40f978, 0x30)
2021-02-25T21:21:15.235235+00:00 app[web.1]: /tmp/codon/tmp/cache/go-path/pkg/mod/github.com/chromedp/chromedp@v0.6.5/chromedp.go:616 +0x72
2021-02-25T21:21:15.235286+00:00 app[web.1]: github.com/chromedp/chromedp.Tasks.Do(0xc0004adcd0, 0x1, 0x1, 0xad3440, 0xc00046cf60, 0xc0003e4960, 0xad3440)
2021-02-25T21:21:15.235291+00:00 app[web.1]: /tmp/codon/tmp/cache/go-path/pkg/mod/github.com/chromedp/chromedp@v0.6.5/chromedp.go:616 +0x72
2021-02-25T21:21:15.235353+00:00 app[web.1]: github.com/chromedp/chromedp.Run(0xad3440, 0xc000c9bfb0, 0xc0004adcd0, 0x1, 0x1, 0xa3767e, 0x3f)
2021-02-25T21:21:15.235356+00:00 app[web.1]: /tmp/codon/tmp/cache/go-path/pkg/mod/github.com/chromedp/chromedp@v0.6.5/chromedp.go:274 +0xdb
2021-02-25T21:21:15.235379+00:00 app[web.1]: github.com/comerc/segezha4/screenshot.MakeScreenshotForFinviz(0xc000040900, 0x23, 0x0, 0x0, 0x0)
2021-02-25T21:21:15.235392+00:00 app[web.1]: /tmp/build_a6718f38_/screenshot/finviz.go:22 +0x214
2021-02-25T21:21:15.235447+00:00 app[web.1]: main.sendScreenshotForFinviz(0xc00017e180, 0xc00053ad80, 0xc000573420, 0xc0003528a0, 0xc0001bc2d0)
2021-02-25T21:21:15.235472+00:00 app[web.1]: /tmp/build_a6718f38_/main.go:311 +0xd8
2021-02-25T21:21:15.235498+00:00 app[web.1]: main.main.func2(0xc00053ad80)
2021-02-25T21:21:15.235520+00:00 app[web.1]: /tmp/build_a6718f38_/main.go:199 +0xbfe
2021-02-25T21:21:15.235527+00:00 app[web.1]: gopkg.in/tucnak/telebot%2ev2.(*Bot).handle.func1()
2021-02-25T21:21:15.235540+00:00 app[web.1]: /tmp/codon/tmp/cache/go-path/pkg/mod/gopkg.in/tucnak/telebot.v2@v2.3.5/bot.go:462 +0x2e
2021-02-25T21:21:15.235559+00:00 app[web.1]: gopkg.in/tucnak/telebot%2ev2.(*Bot).runHandler.func1()
2021-02-25T21:21:15.235582+00:00 app[web.1]: /tmp/codon/tmp/cache/go-path/pkg/mod/gopkg.in/tucnak/telebot.v2@v2.3.5/util.go:35 +0x50
2021-02-25T21:21:15.235583+00:00 app[web.1]: created by gopkg.in/tucnak/telebot%2ev2.(*Bot).runHandler
2021-02-25T21:21:15.235594+00:00 app[web.1]: /tmp/codon/tmp/cache/go-path/pkg/mod/gopkg.in/tucnak/telebot.v2@v2.3.5/util.go:40 +0x85
2021-02-25T21:21:15.235613+00:00 app[web.1]: 
2021-02-25T21:21:15.235615+00:00 app[web.1]: goroutine 357 [select]:
2021-02-25T21:21:15.235637+00:00 app[web.1]: github.com/chromedp/chromedp.(*Browser).run(0xc00012ad20, 0xad3440, 0xc0000feba0)
2021-02-25T21:21:15.235667+00:00 app[web.1]: /tmp/codon/tmp/cache/go-path/pkg/mod/github.com/chromedp/chromedp@v0.6.5/browser.go:272 +0x2c5
2021-02-25T21:21:15.235668+00:00 app[web.1]: created by github.com/chromedp/chromedp.NewBrowser
2021-02-25T21:21:15.235697+00:00 app[web.1]: /tmp/codon/tmp/cache/go-path/pkg/mod/github.com/chromedp/chromedp@v0.6.5/browser.go:118 +0x431
2021-02-25T21:21:15.235698+00:00 app[web.1]: 
2021-02-25T21:21:15.235701+00:00 app[web.1]: goroutine 426 [IO wait]:
2021-02-25T21:21:15.235726+00:00 app[web.1]: internal/poll.runtime_pollWait(0x7fe44cbfbb18, 0x72, 0xacd880)
2021-02-25T21:21:15.235757+00:00 app[web.1]: /tmp/codon/tmp/cache/go1.15.8/go/src/runtime/netpoll.go:222 +0x55
2021-02-25T21:21:15.235789+00:00 app[web.1]: internal/poll.(*pollDesc).wait(0xc000acc618, 0x72, 0xacd800, 0xdaf610, 0x0)
2021-02-25T21:21:15.235800+00:00 app[web.1]: /tmp/codon/tmp/cache/go1.15.8/go/src/internal/poll/fd_poll_runtime.go:87 +0x45
2021-02-25T21:21:15.235822+00:00 app[web.1]: internal/poll.(*pollDesc).waitRead(...)
2021-02-25T21:21:15.235825+00:00 app[web.1]: /tmp/codon/tmp/cache/go1.15.8/go/src/internal/poll/fd_poll_runtime.go:92
2021-02-25T21:21:15.235878+00:00 app[web.1]: internal/poll.(*FD).Read(0xc000acc600, 0xc0002291d0, 0x2, 0xc, 0x0, 0x0, 0x0)
2021-02-25T21:21:15.235881+00:00 app[web.1]: /tmp/codon/tmp/cache/go1.15.8/go/src/internal/poll/fd_unix.go:159 +0x1a5
2021-02-25T21:21:15.235919+00:00 app[web.1]: net.(*netFD).Read(0xc000acc600, 0xc0002291d0, 0x2, 0xc, 0x7fe4778d7da8, 0x0, 0xc)
2021-02-25T21:21:15.235946+00:00 app[web.1]: /tmp/codon/tmp/cache/go1.15.8/go/src/net/fd_posix.go:55 +0x4f
2021-02-25T21:21:15.236003+00:00 app[web.1]: net.(*conn).Read(0xc0004a2300, 0xc0002291d0, 0x2, 0xc, 0x0, 0x0, 0x0)
2021-02-25T21:21:15.236005+00:00 app[web.1]: /tmp/codon/tmp/cache/go1.15.8/go/src/net/net.go:182 +0x8e
2021-02-25T21:21:15.236065+00:00 app[web.1]: io.ReadAtLeast(0xacba20, 0xc0004a2300, 0xc0002291d0, 0x2, 0xc, 0x2, 0xc000ef7580, 0x1, 0x20)
2021-02-25T21:21:15.236074+00:00 app[web.1]: /tmp/codon/tmp/cache/go1.15.8/go/src/io/io.go:314 +0x87
2021-02-25T21:21:15.236094+00:00 app[web.1]: io.ReadFull(...)
2021-02-25T21:21:15.236097+00:00 app[web.1]: /tmp/codon/tmp/cache/go1.15.8/go/src/io/io.go:333
2021-02-25T21:21:15.236130+00:00 app[web.1]: github.com/gobwas/ws.ReadHeader(0xacba20, 0xc0004a2300, 0x0, 0x0, 0xc000020000, 0x60)
2021-02-25T21:21:15.236141+00:00 app[web.1]: /tmp/codon/tmp/cache/go-path/pkg/mod/github.com/gobwas/ws@v1.0.4/read.go:25 +0x97
2021-02-25T21:21:15.236171+00:00 app[web.1]: github.com/gobwas/ws/wsutil.(*Reader).NextFrame(0xc0005b23d0, 0x0, 0x0, 0xacba20, 0xc0004a2300)
2021-02-25T21:21:15.236183+00:00 app[web.1]: /tmp/codon/tmp/cache/go-path/pkg/mod/github.com/gobwas/ws@v1.0.4/wsutil/reader.go:151 +0x57
2021-02-25T21:21:15.236217+00:00 app[web.1]: github.com/chromedp/chromedp.(*Conn).Read(0xc0005b23c0, 0xad3440, 0xc00050c9c0, 0xc0010f49c0, 0x0, 0x0)
2021-02-25T21:21:15.236250+00:00 app[web.1]: /tmp/codon/tmp/cache/go-path/pkg/mod/github.com/chromedp/chromedp@v0.6.5/conn.go:89 +0x11c
2021-02-25T21:21:15.236276+00:00 app[web.1]: github.com/chromedp/chromedp.(*Browser).run.func1(0xc000392320, 0xad3440, 0xc00050c9c0, 0xc000202300, 0xc000202360)
2021-02-25T21:21:15.236279+00:00 app[web.1]: /tmp/codon/tmp/cache/go-path/pkg/mod/github.com/chromedp/chromedp@v0.6.5/browser.go:233 +0xba
2021-02-25T21:21:15.236282+00:00 app[web.1]: created by github.com/chromedp/chromedp.(*Browser).run
2021-02-25T21:21:15.236312+00:00 app[web.1]: /tmp/codon/tmp/cache/go-path/pkg/mod/github.com/chromedp/chromedp@v0.6.5/browser.go:227 +0x10a
2021-02-25T21:21:15.236313+00:00 app[web.1]: 
2021-02-25T21:21:15.236321+00:00 app[web.1]: goroutine 355 [syscall, 4 minutes]:
2021-02-25T21:21:15.236407+00:00 app[web.1]: syscall.Syscall6(0xf7, 0x1, 0x10f, 0xc0006fadf0, 0x1000004, 0x0, 0x0, 0xdeaf00, 0x203000, 0x66)
2021-02-25T21:21:15.236414+00:00 app[web.1]: /tmp/codon/tmp/cache/go1.15.8/go/src/syscall/asm_linux_amd64.s:41 +0x5
2021-02-25T21:21:15.236466+00:00 app[web.1]: os.(*Process).blockUntilWaitable(0xc000040510, 0xc0004b4050, 0xa45900, 0xc000062800)
2021-02-25T21:21:15.236491+00:00 app[web.1]: /tmp/codon/tmp/cache/go1.15.8/go/src/os/wait_waitid.go:32 +0xa6
2021-02-25T21:21:15.236522+00:00 app[web.1]: os.(*Process).wait(0xc000040510, 0x4686f0, 0xc0001b2600, 0x4)
2021-02-25T21:21:15.236552+00:00 app[web.1]: /tmp/codon/tmp/cache/go1.15.8/go/src/os/exec_unix.go:22 +0x39
2021-02-25T21:21:15.236553+00:00 app[web.1]: os.(*Process).Wait(...)
2021-02-25T21:21:15.236562+00:00 app[web.1]: /tmp/codon/tmp/cache/go1.15.8/go/src/os/exec.go:125
2021-02-25T21:21:15.236577+00:00 app[web.1]: os/exec.(*Cmd).Wait(0xc000574160, 0xc0004b4050, 0x5cb43f)
2021-02-25T21:21:15.236591+00:00 app[web.1]: /tmp/codon/tmp/cache/go1.15.8/go/src/os/exec/exec.go:507 +0x65
2021-02-25T21:21:15.236650+00:00 app[web.1]: github.com/chromedp/chromedp.(*ExecAllocator).Allocate.func2(0xc000574160, 0x1, 0xc00034ce60, 0x1d, 0xc0004622c0, 0xc00050e0a0)
2021-02-25T21:21:15.236677+00:00 app[web.1]: /tmp/codon/tmp/cache/go-path/pkg/mod/github.com/chromedp/chromedp@v0.6.5/allocate.go:204 +0x2f
2021-02-25T21:21:15.236681+00:00 app[web.1]: created by github.com/chromedp/chromedp.(*ExecAllocator).Allocate
2021-02-25T21:21:15.236709+00:00 app[web.1]: /tmp/codon/tmp/cache/go-path/pkg/mod/github.com/chromedp/chromedp@v0.6.5/allocate.go:199 +0xa1d
2021-02-25T21:21:15.236712+00:00 app[web.1]: 
2021-02-25T21:21:15.236737+00:00 app[web.1]: goroutine 221 [select]:
2021-02-25T21:21:15.236769+00:00 app[web.1]: github.com/chromedp/chromedp.(*Target).run(0xc0003e4140, 0xad3440, 0xc0000a9680)
2021-02-25T21:21:15.236798+00:00 app[web.1]: /tmp/codon/tmp/cache/go-path/pkg/mod/github.com/chromedp/chromedp@v0.6.5/target.go:121 +0x156
2021-02-25T21:21:15.236801+00:00 app[web.1]: created by github.com/chromedp/chromedp.(*Context).attachTarget
2021-02-25T21:21:15.236828+00:00 app[web.1]: /tmp/codon/tmp/cache/go-path/pkg/mod/github.com/chromedp/chromedp@v0.6.5/chromedp.go:355 +0x2b7
2021-02-25T21:21:15.236831+00:00 app[web.1]: 
2021-02-25T21:21:15.236860+00:00 app[web.1]: goroutine 423 [select, 1 minutes]:
2021-02-25T21:21:15.236887+00:00 app[web.1]: os/exec.(*Cmd).Start.func2(0xc000034420)
2021-02-25T21:21:15.236941+00:00 app[web.1]: /tmp/codon/tmp/cache/go1.15.8/go/src/os/exec/exec.go:449 +0xd5
2021-02-25T21:21:15.236999+00:00 app[web.1]: created by os/exec.(*Cmd).Start
2021-02-25T21:21:15.237107+00:00 app[web.1]: /tmp/codon/tmp/cache/go1.15.8/go/src/os/exec/exec.go:448 +0x6c5
2021-02-25T21:21:15.237127+00:00 app[web.1]: 
2021-02-25T21:21:15.237250+00:00 app[web.1]: goroutine 424 [syscall, 1 minutes]:
2021-02-25T21:21:15.237358+00:00 app[web.1]: syscall.Syscall6(0xf7, 0x1, 0x1b9, 0xc0005c75f0, 0x1000004, 0x0, 0x0, 0xdeaf00, 0x203000, 0xc0000aa1a0)
2021-02-25T21:21:15.237380+00:00 app[web.1]: /tmp/codon/tmp/cache/go1.15.8/go/src/syscall/asm_linux_amd64.s:41 +0x5
2021-02-25T21:21:15.237478+00:00 app[web.1]: os.(*Process).blockUntilWaitable(0xc00024c360, 0xc00050e0a0, 0xa45900, 0xe2c280)
2021-02-25T21:21:15.237587+00:00 app[web.1]: /tmp/codon/tmp/cache/go1.15.8/go/src/os/wait_waitid.go:32 +0xa6
2021-02-25T21:21:15.237743+00:00 app[web.1]: os.(*Process).wait(0xc00024c360, 0x4686f0, 0xc000481800, 0x4)
2021-02-25T21:21:15.237818+00:00 app[web.1]: /tmp/codon/tmp/cache/go1.15.8/go/src/os/exec_unix.go:22 +0x39
2021-02-25T21:21:15.237819+00:00 app[web.1]: os.(*Process).Wait(...)
2021-02-25T21:21:15.237848+00:00 app[web.1]: /tmp/codon/tmp/cache/go1.15.8/go/src/os/exec.go:125
2021-02-25T21:21:15.237870+00:00 app[web.1]: os/exec.(*Cmd).Wait(0xc000034420, 0xc00050e0a0, 0x7fe44c97a158)
2021-02-25T21:21:15.237899+00:00 app[web.1]: /tmp/codon/tmp/cache/go1.15.8/go/src/os/exec/exec.go:507 +0x65
2021-02-25T21:21:15.237999+00:00 app[web.1]: github.com/chromedp/chromedp.(*ExecAllocator).Allocate.func2(0xc000034420, 0x1, 0xc0000ba5c0, 0x1d, 0xc000a6e0b0, 0xc000267680)
2021-02-25T21:21:15.238027+00:00 app[web.1]: /tmp/codon/tmp/cache/go-path/pkg/mod/github.com/chromedp/chromedp@v0.6.5/allocate.go:204 +0x2f
2021-02-25T21:21:15.238050+00:00 app[web.1]: created by github.com/chromedp/chromedp.(*ExecAllocator).Allocate
2021-02-25T21:21:15.238117+00:00 app[web.1]: /tmp/codon/tmp/cache/go-path/pkg/mod/github.com/chromedp/chromedp@v0.6.5/allocate.go:199 +0xa1d
2021-02-25T21:21:15.238121+00:00 app[web.1]: 
2021-02-25T21:21:15.238156+00:00 app[web.1]: goroutine 469 [syscall]:
2021-02-25T21:21:15.238227+00:00 app[web.1]: syscall.Syscall6(0xf7, 0x1, 0x1f4, 0xc0005c7df0, 0x1000004, 0x0, 0x0, 0xc00030e9f0, 0xc000462448, 0x0)
2021-02-25T21:21:15.238254+00:00 app[web.1]: /tmp/codon/tmp/cache/go1.15.8/go/src/syscall/asm_linux_amd64.s:41 +0x5
2021-02-25T21:21:15.238306+00:00 app[web.1]: os.(*Process).blockUntilWaitable(0xc000040ba0, 0xc0005c7f68, 0xc0005c7ea8, 0xc0000c2110)
2021-02-25T21:21:15.238313+00:00 app[web.1]: /tmp/codon/tmp/cache/go1.15.8/go/src/os/wait_waitid.go:32 +0xa6
2021-02-25T21:21:15.238362+00:00 app[web.1]: os.(*Process).wait(0xc000040ba0, 0xc00060e6c0, 0x980ea0, 0x1f)
2021-02-25T21:21:15.238386+00:00 app[web.1]: /tmp/codon/tmp/cache/go1.15.8/go/src/os/exec_unix.go:22 +0x39
2021-02-25T21:21:15.238405+00:00 app[web.1]: os.(*Process).Wait(...)
2021-02-25T21:21:15.238457+00:00 app[web.1]: /tmp/codon/tmp/cache/go1.15.8/go/src/os/exec.go:125
2021-02-25T21:21:15.238498+00:00 app[web.1]: os/exec.(*Cmd).Wait(0xc0005742c0, 0x0, 0xc00060e6c0)
2021-02-25T21:21:15.238525+00:00 app[web.1]: /tmp/codon/tmp/cache/go1.15.8/go/src/os/exec/exec.go:507 +0x65
2021-02-25T21:21:15.238593+00:00 app[web.1]: github.com/chromedp/chromedp.(*ExecAllocator).Allocate.func2(0xc0005742c0, 0x1, 0xc000533f40, 0x1d, 0xc000a6e2c0, 0xc0004b4780)
2021-02-25T21:21:15.238618+00:00 app[web.1]: /tmp/codon/tmp/cache/go-path/pkg/mod/github.com/chromedp/chromedp@v0.6.5/allocate.go:204 +0x2f
2021-02-25T21:21:15.238623+00:00 app[web.1]: created by github.com/chromedp/chromedp.(*ExecAllocator).Allocate
2021-02-25T21:21:15.238663+00:00 app[web.1]: /tmp/codon/tmp/cache/go-path/pkg/mod/github.com/chromedp/chromedp@v0.6.5/allocate.go:199 +0xa1d
2021-02-25T21:21:15.238666+00:00 app[web.1]: 
2021-02-25T21:21:15.238709+00:00 app[web.1]: goroutine 422 [chan receive, 1 minutes]:
2021-02-25T21:21:15.238736+00:00 app[web.1]: github.com/chromedp/chromedp.NewContext.func1(0xad3440, 0xc00050c9c0, 0xc000a6e0b0)
2021-02-25T21:21:15.238762+00:00 app[web.1]: /tmp/codon/tmp/cache/go-path/pkg/mod/github.com/chromedp/chromedp@v0.6.5/chromedp.go:131 +0x79
2021-02-25T21:21:15.238785+00:00 app[web.1]: created by github.com/chromedp/chromedp.NewContext
2021-02-25T21:21:15.238806+00:00 app[web.1]: /tmp/codon/tmp/cache/go-path/pkg/mod/github.com/chromedp/chromedp@v0.6.5/chromedp.go:130 +0x234
2021-02-25T21:21:15.238809+00:00 app[web.1]: 
2021-02-25T21:21:15.238835+00:00 app[web.1]: goroutine 403 [select]:
2021-02-25T21:21:15.238883+00:00 app[web.1]: github.com/chromedp/chromedp.(*Selector).Do(0xc000308200, 0xad3440, 0xc00049e210, 0x0, 0x0)
2021-02-25T21:21:15.238908+00:00 app[web.1]: /tmp/codon/tmp/cache/go-path/pkg/mod/github.com/chromedp/chromedp@v0.6.5/query.go:162 +0x16e
2021-02-25T21:21:15.238974+00:00 app[web.1]: github.com/chromedp/chromedp.Tasks.Do(0xc0002abb80, 0x8, 0x8, 0xad3440, 0xc00049e210, 0x40f978, 0x30)
2021-02-25T21:21:15.239000+00:00 app[web.1]: /tmp/codon/tmp/cache/go-path/pkg/mod/github.com/chromedp/chromedp@v0.6.5/chromedp.go:616 +0x72
2021-02-25T21:21:15.239066+00:00 app[web.1]: github.com/chromedp/chromedp.Tasks.Do(0xc0004a9cd0, 0x1, 0x1, 0xad3440, 0xc00049e210, 0xc0003e4140, 0xad3440)
2021-02-25T21:21:15.239092+00:00 app[web.1]: /tmp/codon/tmp/cache/go-path/pkg/mod/github.com/chromedp/chromedp@v0.6.5/chromedp.go:616 +0x72
2021-02-25T21:21:15.239159+00:00 app[web.1]: github.com/chromedp/chromedp.Run(0xad3440, 0xc0000a9680, 0xc0004a9cd0, 0x1, 0x1, 0xa3767e, 0x3f)
2021-02-25T21:21:15.239185+00:00 app[web.1]: /tmp/codon/tmp/cache/go-path/pkg/mod/github.com/chromedp/chromedp@v0.6.5/chromedp.go:274 +0xdb
2021-02-25T21:21:15.239236+00:00 app[web.1]: github.com/comerc/segezha4/screenshot.MakeScreenshotForFinviz(0xc000661080, 0x25, 0x0, 0x0, 0x0)
2021-02-25T21:21:15.239284+00:00 app[web.1]: /tmp/build_a6718f38_/screenshot/finviz.go:22 +0x214
2021-02-25T21:21:15.239306+00:00 app[web.1]: main.sendScreenshotForFinviz(0xc00017e180, 0xc0001358c0, 0xc0001b4690, 0xc0002fb360, 0xc0001bc1e0)
2021-02-25T21:21:15.239332+00:00 app[web.1]: /tmp/build_a6718f38_/main.go:311 +0xd8
2021-02-25T21:21:15.239355+00:00 app[web.1]: main.main.func2(0xc0001358c0)
2021-02-25T21:21:15.239376+00:00 app[web.1]: /tmp/build_a6718f38_/main.go:199 +0xbfe
2021-02-25T21:21:15.239398+00:00 app[web.1]: gopkg.in/tucnak/telebot%2ev2.(*Bot).handle.func1()
2021-02-25T21:21:15.239420+00:00 app[web.1]: /tmp/codon/tmp/cache/go-path/pkg/mod/gopkg.in/tucnak/telebot.v2@v2.3.5/bot.go:462 +0x2e
2021-02-25T21:21:15.239443+00:00 app[web.1]: gopkg.in/tucnak/telebot%2ev2.(*Bot).runHandler.func1()
2021-02-25T21:21:15.239464+00:00 app[web.1]: /tmp/codon/tmp/cache/go-path/pkg/mod/gopkg.in/tucnak/telebot.v2@v2.3.5/util.go:35 +0x50
2021-02-25T21:21:15.239485+00:00 app[web.1]: created by gopkg.in/tucnak/telebot%2ev2.(*Bot).runHandler
2021-02-25T21:21:15.239510+00:00 app[web.1]: /tmp/codon/tmp/cache/go-path/pkg/mod/gopkg.in/tucnak/telebot.v2@v2.3.5/util.go:40 +0x85
2021-02-25T21:21:15.239510+00:00 app[web.1]: 
2021-02-25T21:21:15.239540+00:00 app[web.1]: goroutine 225 [chan receive, 1 minutes]:
2021-02-25T21:21:15.239566+00:00 app[web.1]: github.com/chromedp/chromedp.(*ExecAllocator).Allocate.func4(0xc000392320, 0xc000a6e0b0)
2021-02-25T21:21:15.239592+00:00 app[web.1]: /tmp/codon/tmp/cache/go-path/pkg/mod/github.com/chromedp/chromedp@v0.6.5/allocate.go:252 +0x38
2021-02-25T21:21:15.239611+00:00 app[web.1]: created by github.com/chromedp/chromedp.(*ExecAllocator).Allocate
2021-02-25T21:21:15.239652+00:00 app[web.1]: /tmp/codon/tmp/cache/go-path/pkg/mod/github.com/chromedp/chromedp@v0.6.5/allocate.go:245 +0xce5
2021-02-25T21:21:15.239653+00:00 app[web.1]: 
2021-02-25T21:21:15.239677+00:00 app[web.1]: goroutine 392 [syscall, 2 minutes]:
2021-02-25T21:21:15.239775+00:00 app[web.1]: syscall.Syscall6(0xf7, 0x1, 0x18a, 0xc0005c85f0, 0x1000004, 0x0, 0x0, 0x0, 0x0, 0xc0005c8618)
2021-02-25T21:21:15.239826+00:00 app[web.1]: /tmp/codon/tmp/cache/go1.15.8/go/src/syscall/asm_linux_amd64.s:41 +0x5
2021-02-25T21:21:15.239830+00:00 app[web.1]: os.(*Process).blockUntilWaitable(0xc0000ccd80, 0x10, 0xc0000ad3e0, 0xc0000ad3e0)
2021-02-25T21:21:15.239873+00:00 app[web.1]: /tmp/codon/tmp/cache/go1.15.8/go/src/os/wait_waitid.go:32 +0xa6
2021-02-25T21:21:15.239902+00:00 app[web.1]: os.(*Process).wait(0xc0000ccd80, 0xc00058e070, 0x0, 0x0)
2021-02-25T21:21:15.239928+00:00 app[web.1]: /tmp/codon/tmp/cache/go1.15.8/go/src/os/exec_unix.go:22 +0x39
2021-02-25T21:21:15.239949+00:00 app[web.1]: os.(*Process).Wait(...)
2021-02-25T21:21:15.239955+00:00 app[web.1]: /tmp/codon/tmp/cache/go1.15.8/go/src/os/exec.go:125
2021-02-25T21:21:15.239997+00:00 app[web.1]: os/exec.(*Cmd).Wait(0xc0006962c0, 0x0, 0x0)
2021-02-25T21:21:15.240023+00:00 app[web.1]: /tmp/codon/tmp/cache/go1.15.8/go/src/os/exec/exec.go:507 +0x65
2021-02-25T21:21:15.240074+00:00 app[web.1]: github.com/chromedp/chromedp.(*ExecAllocator).Allocate.func2(0xc0006962c0, 0x1, 0xc000219580, 0x1d, 0xc000462b00, 0xc00050ec80)
2021-02-25T21:21:15.240101+00:00 app[web.1]: /tmp/codon/tmp/cache/go-path/pkg/mod/github.com/chromedp/chromedp@v0.6.5/allocate.go:204 +0x2f
2021-02-25T21:21:15.240107+00:00 app[web.1]: created by github.com/chromedp/chromedp.(*ExecAllocator).Allocate
2021-02-25T21:21:15.240156+00:00 app[web.1]: /tmp/codon/tmp/cache/go-path/pkg/mod/github.com/chromedp/chromedp@v0.6.5/allocate.go:199 +0xa1d
2021-02-25T21:21:15.240157+00:00 app[web.1]: 
2021-02-25T21:21:15.240160+00:00 app[web.1]: goroutine 222 [select]:
2021-02-25T21:21:15.240205+00:00 app[web.1]: github.com/chromedp/chromedp.(*Target).run.func1(0xad3440, 0xc0000a9680, 0xc0003e4140, 0xc00060e300)
2021-02-25T21:21:15.240233+00:00 app[web.1]: /tmp/codon/tmp/cache/go-path/pkg/mod/github.com/chromedp/chromedp@v0.6.5/target.go:82 +0xf4
2021-02-25T21:21:15.240240+00:00 app[web.1]: created by github.com/chromedp/chromedp.(*Target).run
2021-02-25T21:21:15.240268+00:00 app[web.1]: /tmp/codon/tmp/cache/go-path/pkg/mod/github.com/chromedp/chromedp@v0.6.5/target.go:80 +0x96
2021-02-25T21:21:15.240268+00:00 app[web.1]: 
2021-02-25T21:21:15.240283+00:00 app[web.1]: goroutine 468 [select]:
2021-02-25T21:21:15.240300+00:00 app[web.1]: os/exec.(*Cmd).Start.func2(0xc0005742c0)
2021-02-25T21:21:15.240318+00:00 app[web.1]: /tmp/codon/tmp/cache/go1.15.8/go/src/os/exec/exec.go:449 +0xd5
2021-02-25T21:21:15.240319+00:00 app[web.1]: created by os/exec.(*Cmd).Start
2021-02-25T21:21:15.240337+00:00 app[web.1]: /tmp/codon/tmp/cache/go1.15.8/go/src/os/exec/exec.go:448 +0x6c5
2021-02-25T21:21:15.240339+00:00 app[web.1]: 
2021-02-25T21:21:15.240371+00:00 app[web.1]: goroutine 358 [chan receive, 4 minutes]:
2021-02-25T21:21:15.240410+00:00 app[web.1]: github.com/chromedp/chromedp.(*ExecAllocator).Allocate.func4(0xc00012ad20, 0xc0004622c0)
2021-02-25T21:21:15.240438+00:00 app[web.1]: /tmp/codon/tmp/cache/go-path/pkg/mod/github.com/chromedp/chromedp@v0.6.5/allocate.go:252 +0x38
2021-02-25T21:21:15.240441+00:00 app[web.1]: created by github.com/chromedp/chromedp.(*ExecAllocator).Allocate
2021-02-25T21:21:15.240481+00:00 app[web.1]: /tmp/codon/tmp/cache/go-path/pkg/mod/github.com/chromedp/chromedp@v0.6.5/allocate.go:245 +0xce5
2021-02-25T21:21:15.240483+00:00 app[web.1]: 
2021-02-25T21:21:15.240532+00:00 app[web.1]: goroutine 354 [select, 4 minutes]:
2021-02-25T21:21:15.240566+00:00 app[web.1]: os/exec.(*Cmd).Start.func2(0xc000574160)
2021-02-25T21:21:15.240586+00:00 app[web.1]: /tmp/codon/tmp/cache/go1.15.8/go/src/os/exec/exec.go:449 +0xd5
2021-02-25T21:21:15.240604+00:00 app[web.1]: created by os/exec.(*Cmd).Start
2021-02-25T21:21:15.240627+00:00 app[web.1]: /tmp/codon/tmp/cache/go1.15.8/go/src/os/exec/exec.go:448 +0x6c5
2021-02-25T21:21:15.240630+00:00 app[web.1]: 
2021-02-25T21:21:15.240665+00:00 app[web.1]: goroutine 482 [select]:
2021-02-25T21:21:15.240877+00:00 app[web.1]: github.com/chromedp/chromedp.(*Browser).run(0xc0003923c0, 0xad3440, 0xc000c9bfb0)
2021-02-25T21:21:15.240902+00:00 app[web.1]: /tmp/codon/tmp/cache/go-path/pkg/mod/github.com/chromedp/chromedp@v0.6.5/browser.go:272 +0x2c5
2021-02-25T21:21:15.240924+00:00 app[web.1]: created by github.com/chromedp/chromedp.NewBrowser
2021-02-25T21:21:15.240947+00:00 app[web.1]: /tmp/codon/tmp/cache/go-path/pkg/mod/github.com/chromedp/chromedp@v0.6.5/browser.go:118 +0x431
2021-02-25T21:21:15.240950+00:00 app[web.1]: 
2021-02-25T21:21:15.240972+00:00 app[web.1]: goroutine 421 [select]:
2021-02-25T21:21:15.241036+00:00 app[web.1]: github.com/chromedp/chromedp.(*Selector).Do(0xc000685b80, 0xad3440, 0xc0000a99b0, 0x0, 0x0)
2021-02-25T21:21:15.241057+00:00 app[web.1]: /tmp/codon/tmp/cache/go-path/pkg/mod/github.com/chromedp/chromedp@v0.6.5/query.go:162 +0x16e
2021-02-25T21:21:15.241126+00:00 app[web.1]: github.com/chromedp/chromedp.Tasks.Do(0xc000a5b500, 0x8, 0x8, 0xad3440, 0xc0000a99b0, 0x40f978, 0x30)
2021-02-25T21:21:15.241179+00:00 app[web.1]: /tmp/codon/tmp/cache/go-path/pkg/mod/github.com/chromedp/chromedp@v0.6.5/chromedp.go:616 +0x72
2021-02-25T21:21:15.241332+00:00 app[web.1]: github.com/chromedp/chromedp.Tasks.Do(0xc0000dfcd0, 0x1, 0x1, 0xad3440, 0xc0000a99b0, 0xc0003e4aa0, 0xad3440)
2021-02-25T21:21:15.241360+00:00 app[web.1]: /tmp/codon/tmp/cache/go-path/pkg/mod/github.com/chromedp/chromedp@v0.6.5/chromedp.go:616 +0x72
2021-02-25T21:21:15.241406+00:00 app[web.1]: github.com/chromedp/chromedp.Run(0xad3440, 0xc00050c9c0, 0xc0000dfcd0, 0x1, 0x1, 0xa3767e, 0x3f)
2021-02-25T21:21:15.241500+00:00 app[web.1]: /tmp/codon/tmp/cache/go-path/pkg/mod/github.com/chromedp/chromedp@v0.6.5/chromedp.go:274 +0xdb
2021-02-25T21:21:15.241502+00:00 app[web.1]: github.com/comerc/segezha4/screenshot.MakeScreenshotForFinviz(0xc00024c150, 0x25, 0x0, 0x0, 0x0)
2021-02-25T21:21:15.241502+00:00 app[web.1]: /tmp/build_a6718f38_/screenshot/finviz.go:22 +0x214
2021-02-25T21:21:15.241505+00:00 app[web.1]: main.sendScreenshotForFinviz(0xc00017e180, 0xc000170b40, 0xc000a68b60, 0xc00025cb20, 0xc0001bc000)
2021-02-25T21:21:15.241538+00:00 app[web.1]: /tmp/build_a6718f38_/main.go:311 +0xd8
2021-02-25T21:21:15.241556+00:00 app[web.1]: main.main.func2(0xc000170b40)
2021-02-25T21:21:15.241577+00:00 app[web.1]: /tmp/build_a6718f38_/main.go:199 +0xbfe
2021-02-25T21:21:15.241582+00:00 app[web.1]: gopkg.in/tucnak/telebot%2ev2.(*Bot).handle.func1()
2021-02-25T21:21:15.241610+00:00 app[web.1]: /tmp/codon/tmp/cache/go-path/pkg/mod/gopkg.in/tucnak/telebot.v2@v2.3.5/bot.go:462 +0x2e
2021-02-25T21:21:15.241638+00:00 app[web.1]: gopkg.in/tucnak/telebot%2ev2.(*Bot).runHandler.func1()
2021-02-25T21:21:15.241669+00:00 app[web.1]: /tmp/codon/tmp/cache/go-path/pkg/mod/gopkg.in/tucnak/telebot.v2@v2.3.5/util.go:35 +0x50
2021-02-25T21:21:15.241669+00:00 app[web.1]: created by gopkg.in/tucnak/telebot%2ev2.(*Bot).runHandler
2021-02-25T21:21:15.241693+00:00 app[web.1]: /tmp/codon/tmp/cache/go-path/pkg/mod/gopkg.in/tucnak/telebot.v2@v2.3.5/util.go:40 +0x85
2021-02-25T21:21:15.241695+00:00 app[web.1]: 
2021-02-25T21:21:15.241724+00:00 app[web.1]: goroutine 395 [chan receive, 2 minutes]:
2021-02-25T21:21:15.241752+00:00 app[web.1]: github.com/chromedp/chromedp.(*ExecAllocator).Allocate.func4(0xc000260000, 0xc000462b00)
2021-02-25T21:21:15.241794+00:00 app[web.1]: /tmp/codon/tmp/cache/go-path/pkg/mod/github.com/chromedp/chromedp@v0.6.5/allocate.go:252 +0x38
2021-02-25T21:21:15.241797+00:00 app[web.1]: created by github.com/chromedp/chromedp.(*ExecAllocator).Allocate
2021-02-25T21:21:15.241825+00:00 app[web.1]: /tmp/codon/tmp/cache/go-path/pkg/mod/github.com/chromedp/chromedp@v0.6.5/allocate.go:245 +0xce5
2021-02-25T21:21:15.241827+00:00 app[web.1]: 
2021-02-25T21:21:15.241868+00:00 app[web.1]: goroutine 404 [chan receive, 2 minutes]:
2021-02-25T21:21:15.241913+00:00 app[web.1]: github.com/chromedp/chromedp.NewContext.func1(0xad3440, 0xc0000a9680, 0xc000462b00)
2021-02-25T21:21:15.241934+00:00 app[web.1]: /tmp/codon/tmp/cache/go-path/pkg/mod/github.com/chromedp/chromedp@v0.6.5/chromedp.go:131 +0x79
2021-02-25T21:21:15.241958+00:00 app[web.1]: created by github.com/chromedp/chromedp.NewContext
2021-02-25T21:21:15.241981+00:00 app[web.1]: /tmp/codon/tmp/cache/go-path/pkg/mod/github.com/chromedp/chromedp@v0.6.5/chromedp.go:130 +0x234
2021-02-25T21:21:15.241984+00:00 app[web.1]: 
2021-02-25T21:21:15.242011+00:00 app[web.1]: goroutine 272 [select, 4 minutes]:
2021-02-25T21:21:15.242056+00:00 app[web.1]: github.com/chromedp/chromedp.responseAction.func1(0xad3440, 0xc0000a82a0, 0x0, 0x0)
2021-02-25T21:21:15.242083+00:00 app[web.1]: /tmp/codon/tmp/cache/go-path/pkg/mod/github.com/chromedp/chromedp@v0.6.5/chromedp.go:560 +0x449
2021-02-25T21:21:15.242130+00:00 app[web.1]: github.com/chromedp/chromedp.ActionFunc.Do(0xc0000fec60, 0xad3440, 0xc0000a82a0, 0x0, 0x0)
2021-02-25T21:21:15.242156+00:00 app[web.1]: /tmp/codon/tmp/cache/go-path/pkg/mod/github.com/chromedp/chromedp@v0.6.5/chromedp.go:606 +0x3a
2021-02-25T21:21:15.242235+00:00 app[web.1]: github.com/chromedp/chromedp.Tasks.Do(0xc00017e000, 0x8, 0x8, 0xad3440, 0xc0000a82a0, 0x40f978, 0x30)
2021-02-25T21:21:15.242259+00:00 app[web.1]: /tmp/codon/tmp/cache/go-path/pkg/mod/github.com/chromedp/chromedp@v0.6.5/chromedp.go:616 +0x72
2021-02-25T21:21:15.242326+00:00 app[web.1]: github.com/chromedp/chromedp.Tasks.Do(0xc0000ddcd0, 0x1, 0x1, 0xad3440, 0xc0000a82a0, 0xc000392280, 0xad3440)
2021-02-25T21:21:15.242351+00:00 app[web.1]: /tmp/codon/tmp/cache/go-path/pkg/mod/github.com/chromedp/chromedp@v0.6.5/chromedp.go:616 +0x72
2021-02-25T21:21:15.242418+00:00 app[web.1]: github.com/chromedp/chromedp.Run(0xad3440, 0xc0000feba0, 0xc0000ddcd0, 0x1, 0x1, 0xa3767e, 0x3f)
2021-02-25T21:21:15.242443+00:00 app[web.1]: /tmp/codon/tmp/cache/go-path/pkg/mod/github.com/chromedp/chromedp@v0.6.5/chromedp.go:274 +0xdb
2021-02-25T21:21:15.242505+00:00 app[web.1]: github.com/comerc/segezha4/screenshot.MakeScreenshotForFinviz(0xc0000401e0, 0x24, 0x0, 0x0, 0x0)
2021-02-25T21:21:15.242796+00:00 app[web.1]: /tmp/build_a6718f38_/screenshot/finviz.go:22 +0x214
2021-02-25T21:21:15.242858+00:00 app[web.1]: main.sendScreenshotForFinviz(0xc00017e180, 0xc00015a900, 0xc0001b4700, 0xc0002e0080, 0xc0001bc0f0)
2021-02-25T21:21:15.242881+00:00 app[web.1]: /tmp/build_a6718f38_/main.go:311 +0xd8
2021-02-25T21:21:15.242905+00:00 app[web.1]: main.main.func2(0xc00015a900)
2021-02-25T21:21:15.242929+00:00 app[web.1]: /tmp/build_a6718f38_/main.go:199 +0xbfe
2021-02-25T21:21:15.242949+00:00 app[web.1]: gopkg.in/tucnak/telebot%2ev2.(*Bot).handle.func1()
2021-02-25T21:21:15.242974+00:00 app[web.1]: /tmp/codon/tmp/cache/go-path/pkg/mod/gopkg.in/tucnak/telebot.v2@v2.3.5/bot.go:462 +0x2e
2021-02-25T21:21:15.242997+00:00 app[web.1]: gopkg.in/tucnak/telebot%2ev2.(*Bot).runHandler.func1()
2021-02-25T21:21:15.243020+00:00 app[web.1]: /tmp/codon/tmp/cache/go-path/pkg/mod/gopkg.in/tucnak/telebot.v2@v2.3.5/util.go:35 +0x50
2021-02-25T21:21:15.243042+00:00 app[web.1]: created by gopkg.in/tucnak/telebot%2ev2.(*Bot).runHandler
2021-02-25T21:21:15.243066+00:00 app[web.1]: /tmp/codon/tmp/cache/go-path/pkg/mod/gopkg.in/tucnak/telebot.v2@v2.3.5/util.go:40 +0x85
2021-02-25T21:21:15.243067+00:00 app[web.1]: 
2021-02-25T21:21:15.243135+00:00 app[web.1]: goroutine 391 [select, 2 minutes]:
2021-02-25T21:21:15.243136+00:00 app[web.1]: os/exec.(*Cmd).Start.func2(0xc0006962c0)
2021-02-25T21:21:15.243163+00:00 app[web.1]: /tmp/codon/tmp/cache/go1.15.8/go/src/os/exec/exec.go:449 +0xd5
2021-02-25T21:21:15.243166+00:00 app[web.1]: created by os/exec.(*Cmd).Start
2021-02-25T21:21:15.243208+00:00 app[web.1]: /tmp/codon/tmp/cache/go1.15.8/go/src/os/exec/exec.go:448 +0x6c5
2021-02-25T21:21:15.243209+00:00 app[web.1]: 
2021-02-25T21:21:15.243234+00:00 app[web.1]: goroutine 428 [select]:
2021-02-25T21:21:15.243280+00:00 app[web.1]: github.com/chromedp/chromedp.(*Target).run.func1(0xad3440, 0xc00050c9c0, 0xc0003e4aa0, 0xc000202960)
2021-02-25T21:21:15.243303+00:00 app[web.1]: /tmp/codon/tmp/cache/go-path/pkg/mod/github.com/chromedp/chromedp@v0.6.5/target.go:82 +0xf4
2021-02-25T21:21:15.243307+00:00 app[web.1]: created by github.com/chromedp/chromedp.(*Target).run
2021-02-25T21:21:15.243333+00:00 app[web.1]: /tmp/codon/tmp/cache/go-path/pkg/mod/github.com/chromedp/chromedp@v0.6.5/target.go:80 +0x96
2021-02-25T21:21:15.243336+00:00 app[web.1]: 
2021-02-25T21:21:15.243380+00:00 app[web.1]: goroutine 273 [chan receive, 4 minutes]:
2021-02-25T21:21:15.243441+00:00 app[web.1]: github.com/chromedp/chromedp.NewContext.func1(0xad3440, 0xc0000feba0, 0xc0004622c0)
2021-02-25T21:21:15.243441+00:00 app[web.1]: /tmp/codon/tmp/cache/go-path/pkg/mod/github.com/chromedp/chromedp@v0.6.5/chromedp.go:131 +0x79
2021-02-25T21:21:15.243442+00:00 app[web.1]: created by github.com/chromedp/chromedp.NewContext
2021-02-25T21:21:15.243447+00:00 app[web.1]: /tmp/codon/tmp/cache/go-path/pkg/mod/github.com/chromedp/chromedp@v0.6.5/chromedp.go:130 +0x234
2021-02-25T21:21:15.243449+00:00 app[web.1]: 
2021-02-25T21:21:15.243475+00:00 app[web.1]: goroutine 458 [chan receive]:
2021-02-25T21:21:15.243527+00:00 app[web.1]: github.com/chromedp/chromedp.NewContext.func1(0xad3440, 0xc000626c30, 0xc000a6e210)
2021-02-25T21:21:15.243550+00:00 app[web.1]: /tmp/codon/tmp/cache/go-path/pkg/mod/github.com/chromedp/chromedp@v0.6.5/chromedp.go:131 +0x79
2021-02-25T21:21:15.243553+00:00 app[web.1]: created by github.com/chromedp/chromedp.NewContext
2021-02-25T21:21:15.243616+00:00 app[web.1]: /tmp/codon/tmp/cache/go-path/pkg/mod/github.com/chromedp/chromedp@v0.6.5/chromedp.go:130 +0x234
2021-02-25T21:21:15.243617+00:00 app[web.1]: 
2021-02-25T21:21:15.243617+00:00 app[web.1]: goroutine 224 [select]:
2021-02-25T21:21:15.243624+00:00 app[web.1]: github.com/chromedp/chromedp.(*Browser).run(0xc000392320, 0xad3440, 0xc00050c9c0)
2021-02-25T21:21:15.243651+00:00 app[web.1]: /tmp/codon/tmp/cache/go-path/pkg/mod/github.com/chromedp/chromedp@v0.6.5/browser.go:272 +0x2c5
2021-02-25T21:21:15.243674+00:00 app[web.1]: created by github.com/chromedp/chromedp.NewBrowser
2021-02-25T21:21:15.243701+00:00 app[web.1]: /tmp/codon/tmp/cache/go-path/pkg/mod/github.com/chromedp/chromedp@v0.6.5/browser.go:118 +0x431
2021-02-25T21:21:15.243703+00:00 app[web.1]: 
2021-02-25T21:21:15.243726+00:00 app[web.1]: goroutine 467 [chan receive]:
2021-02-25T21:21:15.243766+00:00 app[web.1]: github.com/chromedp/chromedp.NewContext.func1(0xad3440, 0xc000c9bfb0, 0xc000a6e2c0)
2021-02-25T21:21:15.243790+00:00 app[web.1]: /tmp/codon/tmp/cache/go-path/pkg/mod/github.com/chromedp/chromedp@v0.6.5/chromedp.go:131 +0x79
2021-02-25T21:21:15.243810+00:00 app[web.1]: created by github.com/chromedp/chromedp.NewContext
2021-02-25T21:21:15.243835+00:00 app[web.1]: /tmp/codon/tmp/cache/go-path/pkg/mod/github.com/chromedp/chromedp@v0.6.5/chromedp.go:130 +0x234
2021-02-25T21:21:15.243837+00:00 app[web.1]: 
2021-02-25T21:21:15.243862+00:00 app[web.1]: goroutine 378 [IO wait]:
2021-02-25T21:21:15.243905+00:00 app[web.1]: internal/poll.runtime_pollWait(0x7fe44cbfba30, 0x72, 0xacd880)
2021-02-25T21:21:15.243928+00:00 app[web.1]: /tmp/codon/tmp/cache/go1.15.8/go/src/runtime/netpoll.go:222 +0x55
2021-02-25T21:21:15.243977+00:00 app[web.1]: internal/poll.(*pollDesc).wait(0xc0006b7698, 0x72, 0xacd800, 0xdaf610, 0x0)
2021-02-25T21:21:15.244002+00:00 app[web.1]: /tmp/codon/tmp/cache/go1.15.8/go/src/internal/poll/fd_poll_runtime.go:87 +0x45
2021-02-25T21:21:15.244024+00:00 app[web.1]: internal/poll.(*pollDesc).waitRead(...)
2021-02-25T21:21:15.244048+00:00 app[web.1]: /tmp/codon/tmp/cache/go1.15.8/go/src/internal/poll/fd_poll_runtime.go:92
2021-02-25T21:21:15.244100+00:00 app[web.1]: internal/poll.(*FD).Read(0xc0006b7680, 0xc0000b4970, 0x2, 0xc, 0x0, 0x0, 0x0)
2021-02-25T21:21:15.244126+00:00 app[web.1]: /tmp/codon/tmp/cache/go1.15.8/go/src/internal/poll/fd_unix.go:159 +0x1a5
2021-02-25T21:21:15.244195+00:00 app[web.1]: net.(*netFD).Read(0xc0006b7680, 0xc0000b4970, 0x2, 0xc, 0x7fe44dc38800, 0x0, 0xc)
2021-02-25T21:21:15.244220+00:00 app[web.1]: /tmp/codon/tmp/cache/go1.15.8/go/src/net/fd_posix.go:55 +0x4f
2021-02-25T21:21:15.244289+00:00 app[web.1]: net.(*conn).Read(0xc0005c05f8, 0xc0000b4970, 0x2, 0xc, 0x0, 0x0, 0x0)
2021-02-25T21:21:15.244315+00:00 app[web.1]: /tmp/codon/tmp/cache/go1.15.8/go/src/net/net.go:182 +0x8e
2021-02-25T21:21:15.244448+00:00 app[web.1]: io.ReadAtLeast(0xacba20, 0xc0005c05f8, 0xc0000b4970, 0x2, 0xc, 0x2, 0xc0002c5b40, 0x1, 0x20)
2021-02-25T21:21:15.244499+00:00 app[web.1]: /tmp/codon/tmp/cache/go1.15.8/go/src/io/io.go:314 +0x87
2021-02-25T21:21:15.244500+00:00 app[web.1]: io.ReadFull(...)
2021-02-25T21:21:15.244500+00:00 app[web.1]: /tmp/codon/tmp/cache/go1.15.8/go/src/io/io.go:333
2021-02-25T21:21:15.244537+00:00 app[web.1]: github.com/gobwas/ws.ReadHeader(0xacba20, 0xc0005c05f8, 0x0, 0x0, 0xc000020000, 0x60)
2021-02-25T21:21:15.244563+00:00 app[web.1]: /tmp/codon/tmp/cache/go-path/pkg/mod/github.com/gobwas/ws@v1.0.4/read.go:25 +0x97
2021-02-25T21:21:15.244617+00:00 app[web.1]: github.com/gobwas/ws/wsutil.(*Reader).NextFrame(0xc0002ded30, 0x0, 0x0, 0xacba20, 0xc0005c05f8)
2021-02-25T21:21:15.244636+00:00 app[web.1]: /tmp/codon/tmp/cache/go-path/pkg/mod/github.com/gobwas/ws@v1.0.4/wsutil/reader.go:151 +0x57
2021-02-25T21:21:15.244695+00:00 app[web.1]: github.com/chromedp/chromedp.(*Conn).Read(0xc0002ded20, 0xad3440, 0xc000c9bfb0, 0xc001103860, 0x0, 0x0)
2021-02-25T21:21:15.244713+00:00 app[web.1]: /tmp/codon/tmp/cache/go-path/pkg/mod/github.com/chromedp/chromedp@v0.6.5/conn.go:89 +0x11c
2021-02-25T21:21:15.244779+00:00 app[web.1]: github.com/chromedp/chromedp.(*Browser).run.func1(0xc0003923c0, 0xad3440, 0xc000c9bfb0, 0xc0007120c0, 0xc000712120)
2021-02-25T21:21:15.244782+00:00 app[web.1]: /tmp/codon/tmp/cache/go-path/pkg/mod/github.com/chromedp/chromedp@v0.6.5/browser.go:233 +0xba
2021-02-25T21:21:15.244802+00:00 app[web.1]: created by github.com/chromedp/chromedp.(*Browser).run
2021-02-25T21:21:15.244809+00:00 app[web.1]: /tmp/codon/tmp/cache/go-path/pkg/mod/github.com/chromedp/chromedp@v0.6.5/browser.go:227 +0x10a
2021-02-25T21:21:15.244811+00:00 app[web.1]: 
2021-02-25T21:21:15.244820+00:00 app[web.1]: goroutine 394 [select]:
2021-02-25T21:21:15.244847+00:00 app[web.1]: github.com/chromedp/chromedp.(*Browser).run(0xc000260000, 0xad3440, 0xc0000a9680)
2021-02-25T21:21:15.244858+00:00 app[web.1]: /tmp/codon/tmp/cache/go-path/pkg/mod/github.com/chromedp/chromedp@v0.6.5/browser.go:272 +0x2c5
2021-02-25T21:21:15.244865+00:00 app[web.1]: created by github.com/chromedp/chromedp.NewBrowser
2021-02-25T21:21:15.244908+00:00 app[web.1]: /tmp/codon/tmp/cache/go-path/pkg/mod/github.com/chromedp/chromedp@v0.6.5/browser.go:118 +0x431
2021-02-25T21:21:15.244909+00:00 app[web.1]: 
2021-02-25T21:21:15.244914+00:00 app[web.1]: goroutine 396 [IO wait]:
2021-02-25T21:21:15.244926+00:00 app[web.1]: internal/poll.runtime_pollWait(0x7fe44cbfbc00, 0x72, 0xacd880)
2021-02-25T21:21:15.244939+00:00 app[web.1]: /tmp/codon/tmp/cache/go1.15.8/go/src/runtime/netpoll.go:222 +0x55
2021-02-25T21:21:15.244983+00:00 app[web.1]: internal/poll.(*pollDesc).wait(0xc00017e218, 0x72, 0xacd800, 0xdaf610, 0x0)
2021-02-25T21:21:15.245031+00:00 app[web.1]: /tmp/codon/tmp/cache/go1.15.8/go/src/internal/poll/fd_poll_runtime.go:87 +0x45
2021-02-25T21:21:15.245032+00:00 app[web.1]: internal/poll.(*pollDesc).waitRead(...)
2021-02-25T21:21:15.245033+00:00 app[web.1]: /tmp/codon/tmp/cache/go1.15.8/go/src/internal/poll/fd_poll_runtime.go:92
2021-02-25T21:21:15.245070+00:00 app[web.1]: internal/poll.(*FD).Read(0xc00017e200, 0xc0000b4990, 0x2, 0xc, 0x0, 0x0, 0x0)
2021-02-25T21:21:15.245101+00:00 app[web.1]: /tmp/codon/tmp/cache/go1.15.8/go/src/internal/poll/fd_unix.go:159 +0x1a5
2021-02-25T21:21:15.245157+00:00 app[web.1]: net.(*netFD).Read(0xc00017e200, 0xc0000b4990, 0x2, 0xc, 0x7fe44dc38800, 0x0, 0xc)
2021-02-25T21:21:15.245187+00:00 app[web.1]: /tmp/codon/tmp/cache/go1.15.8/go/src/net/fd_posix.go:55 +0x4f
2021-02-25T21:21:15.245246+00:00 app[web.1]: net.(*conn).Read(0xc000010008, 0xc0000b4990, 0x2, 0xc, 0x0, 0x0, 0x0)
2021-02-25T21:21:15.245275+00:00 app[web.1]: /tmp/codon/tmp/cache/go1.15.8/go/src/net/net.go:182 +0x8e
2021-02-25T21:21:15.245362+00:00 app[web.1]: io.ReadAtLeast(0xacba20, 0xc000010008, 0xc0000b4990, 0x2, 0xc, 0x2, 0xc000ef7560, 0x1, 0x20)
2021-02-25T21:21:15.245367+00:00 app[web.1]: /tmp/codon/tmp/cache/go1.15.8/go/src/io/io.go:314 +0x87
2021-02-25T21:21:15.245402+00:00 app[web.1]: io.ReadFull(...)
2021-02-25T21:21:15.245403+00:00 app[web.1]: /tmp/codon/tmp/cache/go1.15.8/go/src/io/io.go:333
2021-02-25T21:21:15.245443+00:00 app[web.1]: github.com/gobwas/ws.ReadHeader(0xacba20, 0xc000010008, 0x0, 0x0, 0xc000020000, 0x60)
2021-02-25T21:21:15.245483+00:00 app[web.1]: /tmp/codon/tmp/cache/go-path/pkg/mod/github.com/gobwas/ws@v1.0.4/read.go:25 +0x97
2021-02-25T21:21:15.245589+00:00 app[web.1]: github.com/gobwas/ws/wsutil.(*Reader).NextFrame(0xc00000c3d0, 0x0, 0x0, 0xacba20, 0xc000010008)
2021-02-25T21:21:15.245695+00:00 app[web.1]: /tmp/codon/tmp/cache/go-path/pkg/mod/github.com/gobwas/ws@v1.0.4/wsutil/reader.go:151 +0x57
2021-02-25T21:21:15.245851+00:00 app[web.1]: github.com/chromedp/chromedp.(*Conn).Read(0xc00000c3c0, 0xad3440, 0xc0000a9680, 0xc001103920, 0x0, 0x0)
2021-02-25T21:21:15.245869+00:00 app[web.1]: /tmp/codon/tmp/cache/go-path/pkg/mod/github.com/chromedp/chromedp@v0.6.5/conn.go:89 +0x11c
2021-02-25T21:21:15.245924+00:00 app[web.1]: github.com/chromedp/chromedp.(*Browser).run.func1(0xc000260000, 0xad3440, 0xc0000a9680, 0xc0000ac7e0, 0xc0000ac840)
2021-02-25T21:21:15.245946+00:00 app[web.1]: /tmp/codon/tmp/cache/go-path/pkg/mod/github.com/chromedp/chromedp@v0.6.5/browser.go:233 +0xba
2021-02-25T21:21:15.245964+00:00 app[web.1]: created by github.com/chromedp/chromedp.(*Browser).run
2021-02-25T21:21:15.245997+00:00 app[web.1]: /tmp/codon/tmp/cache/go-path/pkg/mod/github.com/chromedp/chromedp@v0.6.5/browser.go:227 +0x10a
2021-02-25T21:21:15.245999+00:00 app[web.1]: 
2021-02-25T21:21:15.246033+00:00 app[web.1]: goroutine 427 [select]:
2021-02-25T21:21:15.246070+00:00 app[web.1]: github.com/chromedp/chromedp.(*Target).run(0xc0003e4aa0, 0xad3440, 0xc00050c9c0)
2021-02-25T21:21:15.246108+00:00 app[web.1]: /tmp/codon/tmp/cache/go-path/pkg/mod/github.com/chromedp/chromedp@v0.6.5/target.go:121 +0x156
2021-02-25T21:21:15.246110+00:00 app[web.1]: created by github.com/chromedp/chromedp.(*Context).attachTarget
2021-02-25T21:21:15.246138+00:00 app[web.1]: /tmp/codon/tmp/cache/go-path/pkg/mod/github.com/chromedp/chromedp@v0.6.5/chromedp.go:355 +0x2b7
2021-02-25T21:21:15.246140+00:00 app[web.1]: 
2021-02-25T21:21:15.246176+00:00 app[web.1]: goroutine 380 [chan receive]:
2021-02-25T21:21:15.246205+00:00 app[web.1]: github.com/chromedp/chromedp.(*ExecAllocator).Allocate.func4(0xc000392a00, 0xc000a6e210)
2021-02-25T21:21:15.246225+00:00 app[web.1]: /tmp/codon/tmp/cache/go-path/pkg/mod/github.com/chromedp/chromedp@v0.6.5/allocate.go:252 +0x38
2021-02-25T21:21:15.246243+00:00 app[web.1]: created by github.com/chromedp/chromedp.(*ExecAllocator).Allocate
2021-02-25T21:21:15.246297+00:00 app[web.1]: /tmp/codon/tmp/cache/go-path/pkg/mod/github.com/chromedp/chromedp@v0.6.5/allocate.go:245 +0xce5
2021-02-25T21:21:15.246297+00:00 app[web.1]: 
2021-02-25T21:21:15.246298+00:00 app[web.1]: goroutine 331 [select]:
2021-02-25T21:21:15.246332+00:00 app[web.1]: github.com/chromedp/chromedp.(*Target).run(0xc000392280, 0xad3440, 0xc0000feba0)
2021-02-25T21:21:15.246372+00:00 app[web.1]: /tmp/codon/tmp/cache/go-path/pkg/mod/github.com/chromedp/chromedp@v0.6.5/target.go:121 +0x156
2021-02-25T21:21:15.246373+00:00 app[web.1]: created by github.com/chromedp/chromedp.(*Context).attachTarget
2021-02-25T21:21:15.246395+00:00 app[web.1]: /tmp/codon/tmp/cache/go-path/pkg/mod/github.com/chromedp/chromedp@v0.6.5/chromedp.go:355 +0x2b7
2021-02-25T21:21:15.246397+00:00 app[web.1]: 
2021-02-25T21:21:15.246419+00:00 app[web.1]: goroutine 332 [select]:
2021-02-25T21:21:15.246476+00:00 app[web.1]: github.com/chromedp/chromedp.(*Target).run.func1(0xad3440, 0xc0000feba0, 0xc000392280, 0xc00060e6c0)
2021-02-25T21:21:15.246498+00:00 app[web.1]: /tmp/codon/tmp/cache/go-path/pkg/mod/github.com/chromedp/chromedp@v0.6.5/target.go:82 +0xf4
2021-02-25T21:21:15.246531+00:00 app[web.1]: created by github.com/chromedp/chromedp.(*Target).run
2021-02-25T21:21:15.246535+00:00 app[web.1]: /tmp/codon/tmp/cache/go-path/pkg/mod/github.com/chromedp/chromedp@v0.6.5/target.go:80 +0x96
2021-02-25T21:21:15.246537+00:00 app[web.1]: 
2021-02-25T21:21:15.246560+00:00 app[web.1]: goroutine 121 [IO wait]:
2021-02-25T21:21:15.246599+00:00 app[web.1]: internal/poll.runtime_pollWait(0x7fe44cbfbeb8, 0x72, 0xacd880)
2021-02-25T21:21:15.246634+00:00 app[web.1]: /tmp/codon/tmp/cache/go1.15.8/go/src/runtime/netpoll.go:222 +0x55
2021-02-25T21:21:15.246697+00:00 app[web.1]: internal/poll.(*pollDesc).wait(0xc0004a0218, 0x72, 0xacd800, 0xdaf610, 0x0)
2021-02-25T21:21:15.246721+00:00 app[web.1]: /tmp/codon/tmp/cache/go1.15.8/go/src/internal/poll/fd_poll_runtime.go:87 +0x45
2021-02-25T21:21:15.246725+00:00 app[web.1]: internal/poll.(*pollDesc).waitRead(...)
2021-02-25T21:21:15.246764+00:00 app[web.1]: /tmp/codon/tmp/cache/go1.15.8/go/src/internal/poll/fd_poll_runtime.go:92
2021-02-25T21:21:15.246818+00:00 app[web.1]: internal/poll.(*FD).Read(0xc0004a0200, 0xc000335600, 0x2, 0xc, 0x0, 0x0, 0x0)
2021-02-25T21:21:15.246842+00:00 app[web.1]: /tmp/codon/tmp/cache/go1.15.8/go/src/internal/poll/fd_unix.go:159 +0x1a5
2021-02-25T21:21:15.246895+00:00 app[web.1]: net.(*netFD).Read(0xc0004a0200, 0xc000335600, 0x2, 0xc, 0x7fe44dc473d8, 0x0, 0xc)
2021-02-25T21:21:15.246926+00:00 app[web.1]: /tmp/codon/tmp/cache/go1.15.8/go/src/net/fd_posix.go:55 +0x4f
2021-02-25T21:21:15.246985+00:00 app[web.1]: net.(*conn).Read(0xc000010098, 0xc000335600, 0x2, 0xc, 0x0, 0x0, 0x0)
2021-02-25T21:21:15.247068+00:00 app[web.1]: /tmp/codon/tmp/cache/go1.15.8/go/src/net/net.go:182 +0x8e
2021-02-25T21:21:15.247071+00:00 app[web.1]: io.ReadAtLeast(0xacba20, 0xc000010098, 0xc000335600, 0x2, 0xc, 0x2, 0xc000366bc0, 0x1, 0x20)
2021-02-25T21:21:15.247071+00:00 app[web.1]: /tmp/codon/tmp/cache/go1.15.8/go/src/io/io.go:314 +0x87
2021-02-25T21:21:15.247074+00:00 app[web.1]: io.ReadFull(...)
2021-02-25T21:21:15.247094+00:00 app[web.1]: /tmp/codon/tmp/cache/go1.15.8/go/src/io/io.go:333
2021-02-25T21:21:15.248448+00:00 app[web.1]: github.com/gobwas/ws.ReadHeader(0xacba20, 0xc000010098, 0x0, 0x0, 0xc000020000, 0x95e240)
2021-02-25T21:21:15.248455+00:00 app[web.1]: /tmp/codon/tmp/cache/go-path/pkg/mod/github.com/gobwas/ws@v1.0.4/read.go:25 +0x97
2021-02-25T21:21:15.248456+00:00 app[web.1]: github.com/gobwas/ws/wsutil.(*Reader).NextFrame(0xc00000c1f0, 0x0, 0x0, 0xacba20, 0xc000010098)
2021-02-25T21:21:15.248456+00:00 app[web.1]: /tmp/codon/tmp/cache/go-path/pkg/mod/github.com/gobwas/ws@v1.0.4/wsutil/reader.go:151 +0x57
2021-02-25T21:21:15.248456+00:00 app[web.1]: github.com/chromedp/chromedp.(*Conn).Read(0xc00000c1e0, 0xad3440, 0xc0000feba0, 0xc000db6360, 0x0, 0x0)
2021-02-25T21:21:15.248457+00:00 app[web.1]: /tmp/codon/tmp/cache/go-path/pkg/mod/github.com/chromedp/chromedp@v0.6.5/conn.go:89 +0x11c
2021-02-25T21:21:15.248457+00:00 app[web.1]: github.com/chromedp/chromedp.(*Browser).run.func1(0xc00012ad20, 0xad3440, 0xc0000feba0, 0xc000548240, 0xc0005482a0)
2021-02-25T21:21:15.248457+00:00 app[web.1]: /tmp/codon/tmp/cache/go-path/pkg/mod/github.com/chromedp/chromedp@v0.6.5/browser.go:233 +0xba
2021-02-25T21:21:15.248458+00:00 app[web.1]: created by github.com/chromedp/chromedp.(*Browser).run
2021-02-25T21:21:15.248458+00:00 app[web.1]: /tmp/codon/tmp/cache/go-path/pkg/mod/github.com/chromedp/chromedp@v0.6.5/browser.go:227 +0x10a
2021-02-25T21:21:15.248458+00:00 app[web.1]: 
2021-02-25T21:21:15.248459+00:00 app[web.1]: goroutine 459 [select]:
2021-02-25T21:21:15.248459+00:00 app[web.1]: os/exec.(*Cmd).Start.func2(0xc000574420)
2021-02-25T21:21:15.248459+00:00 app[web.1]: /tmp/codon/tmp/cache/go1.15.8/go/src/os/exec/exec.go:449 +0xd5
2021-02-25T21:21:15.248460+00:00 app[web.1]: created by os/exec.(*Cmd).Start
2021-02-25T21:21:15.248460+00:00 app[web.1]: /tmp/codon/tmp/cache/go1.15.8/go/src/os/exec/exec.go:448 +0x6c5
2021-02-25T21:21:15.248461+00:00 app[web.1]: 
2021-02-25T21:21:15.248461+00:00 app[web.1]: goroutine 499 [runnable]:
2021-02-25T21:21:15.248461+00:00 app[web.1]: syscall.Syscall(0x0, 0xc, 0xc00037e550, 0x2, 0xffffffffffffffff, 0x0, 0xb)
2021-02-25T21:21:15.248462+00:00 app[web.1]: /tmp/codon/tmp/cache/go1.15.8/go/src/syscall/asm_linux_amd64.s:18 +0x5
2021-02-25T21:21:15.248462+00:00 app[web.1]: syscall.read(0xc, 0xc00037e550, 0x2, 0xc, 0xc00129a200, 0x1aa, 0x1aa)
2021-02-25T21:21:15.248463+00:00 app[web.1]: /tmp/codon/tmp/cache/go1.15.8/go/src/syscall/zsyscall_linux_amd64.go:686 +0x5a
2021-02-25T21:21:15.248463+00:00 app[web.1]: syscall.Read(...)
2021-02-25T21:21:15.248463+00:00 app[web.1]: /tmp/codon/tmp/cache/go1.15.8/go/src/syscall/syscall_unix.go:187
2021-02-25T21:21:15.248464+00:00 app[web.1]: internal/poll.(*FD).Read.func1(0x72, 0x0, 0x0)
2021-02-25T21:21:15.248464+00:00 app[web.1]: /tmp/codon/tmp/cache/go1.15.8/go/src/internal/poll/fd_unix.go:155 +0x4c
2021-02-25T21:21:15.248464+00:00 app[web.1]: internal/poll.ignoringEINTR(0xc00006eb10, 0x72, 0x400, 0x0)
2021-02-25T21:21:15.248464+00:00 app[web.1]: /tmp/codon/tmp/cache/go1.15.8/go/src/internal/poll/fd_unix.go:567 +0x27
2021-02-25T21:21:15.248465+00:00 app[web.1]: internal/poll.(*FD).Read(0xc000db5580, 0xc00037e550, 0x2, 0xc, 0x0, 0x0, 0x0)
2021-02-25T21:21:15.248465+00:00 app[web.1]: /tmp/codon/tmp/cache/go1.15.8/go/src/internal/poll/fd_unix.go:155 +0x13e
2021-02-25T21:21:15.248465+00:00 app[web.1]: net.(*netFD).Read(0xc000db5580, 0xc00037e550, 0x2, 0xc, 0x7fe44dc66dc8, 0x0, 0xc)
2021-02-25T21:21:15.248466+00:00 app[web.1]: /tmp/codon/tmp/cache/go1.15.8/go/src/net/fd_posix.go:55 +0x4f
2021-02-25T21:21:15.248466+00:00 app[web.1]: net.(*conn).Read(0xc0004a2ee0, 0xc00037e550, 0x2, 0xc, 0x0, 0x0, 0x0)
2021-02-25T21:21:15.248466+00:00 app[web.1]: /tmp/codon/tmp/cache/go1.15.8/go/src/net/net.go:182 +0x8e
2021-02-25T21:21:15.248466+00:00 app[web.1]: io.ReadAtLeast(0xacba20, 0xc0004a2ee0, 0xc00037e550, 0x2, 0xc, 0x2, 0xc0002d8120, 0x1, 0x20)
2021-02-25T21:21:15.248467+00:00 app[web.1]: /tmp/codon/tmp/cache/go1.15.8/go/src/io/io.go:314 +0x87
2021-02-25T21:21:15.248467+00:00 app[web.1]: io.ReadFull(...)
2021-02-25T21:21:15.248467+00:00 app[web.1]: /tmp/codon/tmp/cache/go1.15.8/go/src/io/io.go:333
2021-02-25T21:21:15.248468+00:00 app[web.1]: github.com/gobwas/ws.ReadHeader(0xacba20, 0xc0004a2ee0, 0x0, 0x0, 0xc000020000, 0x60)
2021-02-25T21:21:15.248468+00:00 app[web.1]: /tmp/codon/tmp/cache/go-path/pkg/mod/github.com/gobwas/ws@v1.0.4/read.go:25 +0x97
2021-02-25T21:21:15.248468+00:00 app[web.1]: github.com/gobwas/ws/wsutil.(*Reader).NextFrame(0xc000cf6790, 0x0, 0x0, 0xacba20, 0xc0004a2ee0)
2021-02-25T21:21:15.248468+00:00 app[web.1]: /tmp/codon/tmp/cache/go-path/pkg/mod/github.com/gobwas/ws@v1.0.4/wsutil/reader.go:151 +0x57
2021-02-25T21:21:15.248469+00:00 app[web.1]: github.com/chromedp/chromedp.(*Conn).Read(0xc000cf6780, 0xad3440, 0xc000626c30, 0xc000663920, 0x0, 0x0)
2021-02-25T21:21:15.248469+00:00 app[web.1]: /tmp/codon/tmp/cache/go-path/pkg/mod/github.com/chromedp/chromedp@v0.6.5/conn.go:89 +0x11c
2021-02-25T21:21:15.248469+00:00 app[web.1]: github.com/chromedp/chromedp.(*Browser).run.func1(0xc000392a00, 0xad3440, 0xc000626c30, 0xc000dd9680, 0xc000dd96e0)
2021-02-25T21:21:15.248470+00:00 app[web.1]: /tmp/codon/tmp/cache/go-path/pkg/mod/github.com/chromedp/chromedp@v0.6.5/browser.go:233 +0xba
2021-02-25T21:21:15.248470+00:00 app[web.1]: created by github.com/chromedp/chromedp.(*Browser).run
2021-02-25T21:21:15.248470+00:00 app[web.1]: /tmp/codon/tmp/cache/go-path/pkg/mod/github.com/chromedp/chromedp@v0.6.5/browser.go:227 +0x10a
2021-02-25T21:21:15.248470+00:00 app[web.1]: 
2021-02-25T21:21:15.248471+00:00 app[web.1]: goroutine 442 [IO wait]:
2021-02-25T21:21:15.248471+00:00 app[web.1]: internal/poll.runtime_pollWait(0x7fe44cbfbce8, 0x72, 0xacd880)
2021-02-25T21:21:15.248471+00:00 app[web.1]: /tmp/codon/tmp/cache/go1.15.8/go/src/runtime/netpoll.go:222 +0x55
2021-02-25T21:21:15.248471+00:00 app[web.1]: internal/poll.(*pollDesc).wait(0xc00017e918, 0x72, 0xacd800, 0xdaf610, 0x0)
2021-02-25T21:21:15.248472+00:00 app[web.1]: /tmp/codon/tmp/cache/go1.15.8/go/src/internal/poll/fd_poll_runtime.go:87 +0x45
2021-02-25T21:21:15.248472+00:00 app[web.1]: internal/poll.(*pollDesc).waitRead(...)
2021-02-25T21:21:15.248474+00:00 app[web.1]: /tmp/codon/tmp/cache/go1.15.8/go/src/internal/poll/fd_poll_runtime.go:92
2021-02-25T21:21:15.248474+00:00 app[web.1]: internal/poll.(*FD).Read(0xc00017e900, 0xc000452000, 0x1906, 0x1906, 0x0, 0x0, 0x0)
2021-02-25T21:21:15.248474+00:00 app[web.1]: /tmp/codon/tmp/cache/go1.15.8/go/src/internal/poll/fd_unix.go:159 +0x1a5
2021-02-25T21:21:15.248474+00:00 app[web.1]: net.(*netFD).Read(0xc00017e900, 0xc000452000, 0x1906, 0x1906, 0x203000, 0x6021fb, 0xc000110be0)
2021-02-25T21:21:15.248475+00:00 app[web.1]: /tmp/codon/tmp/cache/go1.15.8/go/src/net/fd_posix.go:55 +0x4f
2021-02-25T21:21:15.248479+00:00 app[web.1]: net.(*conn).Read(0xc000df00e0, 0xc000452000, 0x1906, 0x1906, 0x0, 0x0, 0x0)
2021-02-25T21:21:15.248480+00:00 app[web.1]: /tmp/codon/tmp/cache/go1.15.8/go/src/net/net.go:182 +0x8e
2021-02-25T21:21:15.248480+00:00 app[web.1]: crypto/tls.(*atLeastReader).Read(0xc00033af20, 0xc000452000, 0x1906, 0x1906, 0x3e8, 0x1901, 0xc000072668)
2021-02-25T21:21:15.248480+00:00 app[web.1]: /tmp/codon/tmp/cache/go1.15.8/go/src/crypto/tls/conn.go:779 +0x62
2021-02-25T21:21:15.248519+00:00 app[web.1]: bytes.(*Buffer).ReadFrom(0xc000110d00, 0xac7b60, 0xc00033af20, 0x40cd25, 0x95e240, 0x9e3ea0)
2021-02-25T21:21:15.248524+00:00 app[web.1]: /tmp/codon/tmp/cache/go1.15.8/go/src/bytes/buffer.go:204 +0xb1
2021-02-25T21:21:15.248580+00:00 app[web.1]: crypto/tls.(*Conn).readFromUntil(0xc000110a80, 0xacba20, 0xc000df00e0, 0x5, 0xc000df00e0, 0x7fe450db0400)
2021-02-25T21:21:15.248612+00:00 app[web.1]: /tmp/codon/tmp/cache/go1.15.8/go/src/crypto/tls/conn.go:801 +0xf3
2021-02-25T21:21:15.248643+00:00 app[web.1]: crypto/tls.(*Conn).readRecordOrCCS(0xc000110a80, 0x0, 0x0, 0x0)
2021-02-25T21:21:15.248667+00:00 app[web.1]: /tmp/codon/tmp/cache/go1.15.8/go/src/crypto/tls/conn.go:608 +0x115
2021-02-25T21:21:15.248670+00:00 app[web.1]: crypto/tls.(*Conn).readRecord(...)
2021-02-25T21:21:15.248697+00:00 app[web.1]: /tmp/codon/tmp/cache/go1.15.8/go/src/crypto/tls/conn.go:576
2021-02-25T21:21:15.248762+00:00 app[web.1]: crypto/tls.(*Conn).Read(0xc000110a80, 0xc000611000, 0x1000, 0x1000, 0x0, 0x0, 0x0)
2021-02-25T21:21:15.248769+00:00 app[web.1]: /tmp/codon/tmp/cache/go1.15.8/go/src/crypto/tls/conn.go:1252 +0x15f
2021-02-25T21:21:15.248827+00:00 app[web.1]: net/http.(*persistConn).Read(0xc0007d1d40, 0xc000611000, 0x1000, 0x1000, 0xc0003299e0, 0xc000072c58, 0x4071d5)
2021-02-25T21:21:15.248857+00:00 app[web.1]: /tmp/codon/tmp/cache/go1.15.8/go/src/net/http/transport.go:1887 +0x77
2021-02-25T21:21:15.248863+00:00 app[web.1]: bufio.(*Reader).fill(0xc0003dcf00)
2021-02-25T21:21:15.248893+00:00 app[web.1]: /tmp/codon/tmp/cache/go1.15.8/go/src/bufio/bufio.go:101 +0x105
2021-02-25T21:21:15.248956+00:00 app[web.1]: bufio.(*Reader).Peek(0xc0003dcf00, 0x1, 0x0, 0x0, 0x1, 0x0, 0xc000625560)
2021-02-25T21:21:15.248962+00:00 app[web.1]: /tmp/codon/tmp/cache/go1.15.8/go/src/bufio/bufio.go:139 +0x4f
2021-02-25T21:21:15.248988+00:00 app[web.1]: net/http.(*persistConn).readLoop(0xc0007d1d40)
2021-02-25T21:21:15.249016+00:00 app[web.1]: /tmp/codon/tmp/cache/go1.15.8/go/src/net/http/transport.go:2040 +0x1a8
2021-02-25T21:21:15.249020+00:00 app[web.1]: created by net/http.(*Transport).dialConn
2021-02-25T21:21:15.249050+00:00 app[web.1]: /tmp/codon/tmp/cache/go1.15.8/go/src/net/http/transport.go:1708 +0xcb7
2021-02-25T21:21:15.249053+00:00 app[web.1]: 
2021-02-25T21:21:15.249086+00:00 app[web.1]: goroutine 457 [select]:
2021-02-25T21:21:15.249119+00:00 app[web.1]: github.com/chromedp/chromedp.responseAction.func1(0xad3440, 0xc0010a6210, 0x0, 0x0)
2021-02-25T21:21:15.249148+00:00 app[web.1]: /tmp/codon/tmp/cache/go-path/pkg/mod/github.com/chromedp/chromedp@v0.6.5/chromedp.go:560 +0x449
2021-02-25T21:21:15.249205+00:00 app[web.1]: github.com/chromedp/chromedp.ActionFunc.Do(0xc000626c90, 0xad3440, 0xc0010a6210, 0x0, 0x0)
2021-02-25T21:21:15.249211+00:00 app[web.1]: /tmp/codon/tmp/cache/go-path/pkg/mod/github.com/chromedp/chromedp@v0.6.5/chromedp.go:606 +0x3a
2021-02-25T21:21:15.249265+00:00 app[web.1]: github.com/chromedp/chromedp.Tasks.Do(0xc000169980, 0x8, 0x8, 0xad3440, 0xc0010a6210, 0x40f978, 0x30)
2021-02-25T21:21:15.249270+00:00 app[web.1]: /tmp/codon/tmp/cache/go-path/pkg/mod/github.com/chromedp/chromedp@v0.6.5/chromedp.go:616 +0x72
2021-02-25T21:21:15.249302+00:00 app[web.1]: github.com/chromedp/chromedp.Tasks.Do(0xc0000d9cd0, 0x1, 0x1, 0xad3440, 0xc0010a6210, 0xc000392aa0, 0xad3440)
2021-02-25T21:21:15.249316+00:00 app[web.1]: /tmp/codon/tmp/cache/go-path/pkg/mod/github.com/chromedp/chromedp@v0.6.5/chromedp.go:616 +0x72
2021-02-25T21:21:15.249354+00:00 app[web.1]: github.com/chromedp/chromedp.Run(0xad3440, 0xc000626c30, 0xc0000d9cd0, 0x1, 0x1, 0xa3767e, 0x3f)
2021-02-25T21:21:15.249366+00:00 app[web.1]: /tmp/codon/tmp/cache/go-path/pkg/mod/github.com/chromedp/chromedp@v0.6.5/chromedp.go:274 +0xdb
2021-02-25T21:21:15.249405+00:00 app[web.1]: github.com/comerc/segezha4/screenshot.MakeScreenshotForFinviz(0xc0007d82d0, 0x23, 0x0, 0x0, 0x0)
2021-02-25T21:21:15.249411+00:00 app[web.1]: /tmp/build_a6718f38_/screenshot/finviz.go:22 +0x214
2021-02-25T21:21:15.249445+00:00 app[web.1]: main.sendScreenshotForFinviz(0xc00017e180, 0xc00061d200, 0xc000615260, 0xc0003fc3c0, 0xc0001bc3c0)
2021-02-25T21:21:15.249455+00:00 app[web.1]: /tmp/build_a6718f38_/main.go:311 +0xd8
2021-02-25T21:21:15.249474+00:00 app[web.1]: main.main.func2(0xc00061d200)
2021-02-25T21:21:15.249483+00:00 app[web.1]: /tmp/build_a6718f38_/main.go:199 +0xbfe
2021-02-25T21:21:15.249489+00:00 app[web.1]: gopkg.in/tucnak/telebot%2ev2.(*Bot).handle.func1()
2021-02-25T21:21:15.249502+00:00 app[web.1]: /tmp/codon/tmp/cache/go-path/pkg/mod/gopkg.in/tucnak/telebot.v2@v2.3.5/bot.go:462 +0x2e
2021-02-25T21:21:15.249508+00:00 app[web.1]: gopkg.in/tucnak/telebot%2ev2.(*Bot).runHandler.func1()
2021-02-25T21:21:15.249522+00:00 app[web.1]: /tmp/codon/tmp/cache/go-path/pkg/mod/gopkg.in/tucnak/telebot.v2@v2.3.5/util.go:35 +0x50
2021-02-25T21:21:15.249528+00:00 app[web.1]: created by gopkg.in/tucnak/telebot%2ev2.(*Bot).runHandler
2021-02-25T21:21:15.249542+00:00 app[web.1]: /tmp/codon/tmp/cache/go-path/pkg/mod/gopkg.in/tucnak/telebot.v2@v2.3.5/util.go:40 +0x85
2021-02-25T21:21:15.249544+00:00 app[web.1]: 
2021-02-25T21:21:15.249573+00:00 app[web.1]: goroutine 443 [select]:
2021-02-25T21:21:15.249576+00:00 app[web.1]: net/http.(*persistConn).writeLoop(0xc0007d1d40)
2021-02-25T21:21:15.249601+00:00 app[web.1]: /tmp/codon/tmp/cache/go1.15.8/go/src/net/http/transport.go:2340 +0x11c
2021-02-25T21:21:15.249602+00:00 app[web.1]: created by net/http.(*Transport).dialConn
2021-02-25T21:21:15.249616+00:00 app[web.1]: /tmp/codon/tmp/cache/go1.15.8/go/src/net/http/transport.go:1709 +0xcdc
2021-02-25T21:21:15.249618+00:00 app[web.1]: 
2021-02-25T21:21:15.249628+00:00 app[web.1]: goroutine 500 [select]:
2021-02-25T21:21:15.249653+00:00 app[web.1]: github.com/chromedp/chromedp.(*Target).run(0xc000392aa0, 0xad3440, 0xc000626c30)
2021-02-25T21:21:15.249666+00:00 app[web.1]: /tmp/codon/tmp/cache/go-path/pkg/mod/github.com/chromedp/chromedp@v0.6.5/target.go:121 +0x156
2021-02-25T21:21:15.249672+00:00 app[web.1]: created by github.com/chromedp/chromedp.(*Context).attachTarget
2021-02-25T21:21:15.249685+00:00 app[web.1]: /tmp/codon/tmp/cache/go-path/pkg/mod/github.com/chromedp/chromedp@v0.6.5/chromedp.go:355 +0x2b7
2021-02-25T21:21:15.249688+00:00 app[web.1]: 
2021-02-25T21:21:15.249697+00:00 app[web.1]: goroutine 501 [select]:
2021-02-25T21:21:15.249725+00:00 app[web.1]: github.com/chromedp/chromedp.(*Target).run.func1(0xad3440, 0xc000626c30, 0xc000392aa0, 0xc000dd99e0)
2021-02-25T21:21:15.249737+00:00 app[web.1]: /tmp/codon/tmp/cache/go-path/pkg/mod/github.com/chromedp/chromedp@v0.6.5/target.go:82 +0xf4
2021-02-25T21:21:15.249758+00:00 app[web.1]: created by github.com/chromedp/chromedp.(*Target).run
2021-02-25T21:21:15.249766+00:00 app[web.1]: /tmp/codon/tmp/cache/go-path/pkg/mod/github.com/chromedp/chromedp@v0.6.5/target.go:80 +0x96
2021-02-25T21:21:15.249768+00:00 app[web.1]: 
2021-02-25T21:21:15.249793+00:00 app[web.1]: goroutine 483 [chan receive]:
2021-02-25T21:21:15.249819+00:00 app[web.1]: github.com/chromedp/chromedp.(*ExecAllocator).Allocate.func4(0xc0003923c0, 0xc000a6e2c0)
2021-02-25T21:21:15.249827+00:00 app[web.1]: /tmp/codon/tmp/cache/go-path/pkg/mod/github.com/chromedp/chromedp@v0.6.5/allocate.go:252 +0x38
2021-02-25T21:21:15.249849+00:00 app[web.1]: created by github.com/chromedp/chromedp.(*ExecAllocator).Allocate
2021-02-25T21:21:15.249881+00:00 app[web.1]: /tmp/codon/tmp/cache/go-path/pkg/mod/github.com/chromedp/chromedp@v0.6.5/allocate.go:245 +0xce5
2021-02-25T21:21:15.249881+00:00 app[web.1]: 
2021-02-25T21:21:15.249890+00:00 app[web.1]: goroutine 484 [select]:
2021-02-25T21:21:15.249958+00:00 app[web.1]: github.com/chromedp/chromedp.(*Target).run(0xc0003e4960, 0xad3440, 0xc000c9bfb0)
2021-02-25T21:21:15.249959+00:00 app[web.1]: /tmp/codon/tmp/cache/go-path/pkg/mod/github.com/chromedp/chromedp@v0.6.5/target.go:121 +0x156
2021-02-25T21:21:15.249959+00:00 app[web.1]: created by github.com/chromedp/chromedp.(*Context).attachTarget
2021-02-25T21:21:15.249960+00:00 app[web.1]: /tmp/codon/tmp/cache/go-path/pkg/mod/github.com/chromedp/chromedp@v0.6.5/chromedp.go:355 +0x2b7
2021-02-25T21:21:15.249960+00:00 app[web.1]: 
2021-02-25T21:21:15.249964+00:00 app[web.1]: goroutine 485 [select]:
2021-02-25T21:21:15.249988+00:00 app[web.1]: github.com/chromedp/chromedp.(*Target).run.func1(0xad3440, 0xc000c9bfb0, 0xc0003e4960, 0xc0004daf60)
2021-02-25T21:21:15.250000+00:00 app[web.1]: /tmp/codon/tmp/cache/go-path/pkg/mod/github.com/chromedp/chromedp@v0.6.5/target.go:82 +0xf4
2021-02-25T21:21:15.250006+00:00 app[web.1]: created by github.com/chromedp/chromedp.(*Target).run
2021-02-25T21:21:15.250041+00:00 app[web.1]: /tmp/codon/tmp/cache/go-path/pkg/mod/github.com/chromedp/chromedp@v0.6.5/target.go:80 +0x96
2021-02-25T21:21:15.250045+00:00 app[web.1]: 
2021-02-25T21:21:15.250048+00:00 app[web.1]: goroutine 460 [syscall]:
2021-02-25T21:21:15.250099+00:00 app[web.1]: syscall.Syscall6(0xf7, 0x1, 0x23b, 0xc0006f8df0, 0x1000004, 0x0, 0x0, 0xdeaf00, 0x9e92e0, 0xc0006f8f78)
2021-02-25T21:21:15.250111+00:00 app[web.1]: /tmp/codon/tmp/cache/go1.15.8/go/src/syscall/asm_linux_amd64.s:41 +0x5
2021-02-25T21:21:15.250143+00:00 app[web.1]: os.(*Process).blockUntilWaitable(0xc0007d8660, 0x1, 0x1, 0xc000580000)
2021-02-25T21:21:15.250154+00:00 app[web.1]: /tmp/codon/tmp/cache/go1.15.8/go/src/os/wait_waitid.go:32 +0xa6
2021-02-25T21:21:15.250186+00:00 app[web.1]: os.(*Process).wait(0xc0007d8660, 0x4686f0, 0xc000480a80, 0x4)
2021-02-25T21:21:15.250194+00:00 app[web.1]: /tmp/codon/tmp/cache/go1.15.8/go/src/os/exec_unix.go:22 +0x39
2021-02-25T21:21:15.250198+00:00 app[web.1]: os.(*Process).Wait(...)
2021-02-25T21:21:15.250223+00:00 app[web.1]: /tmp/codon/tmp/cache/go1.15.8/go/src/os/exec.go:125
2021-02-25T21:21:15.250230+00:00 app[web.1]: os/exec.(*Cmd).Wait(0xc000574420, 0xc0004069c0, 0xc0006f8ee8)
2021-02-25T21:21:15.250244+00:00 app[web.1]: /tmp/codon/tmp/cache/go1.15.8/go/src/os/exec/exec.go:507 +0x65
2021-02-25T21:21:15.250285+00:00 app[web.1]: github.com/chromedp/chromedp.(*ExecAllocator).Allocate.func2(0xc000574420, 0x1, 0xc000219fc0, 0x1d, 0xc000a6e210, 0xc000672000)
2021-02-25T21:21:15.250294+00:00 app[web.1]: /tmp/codon/tmp/cache/go-path/pkg/mod/github.com/chromedp/chromedp@v0.6.5/allocate.go:204 +0x2f
2021-02-25T21:21:15.250300+00:00 app[web.1]: created by github.com/chromedp/chromedp.(*ExecAllocator).Allocate
2021-02-25T21:21:15.250314+00:00 app[web.1]: /tmp/codon/tmp/cache/go-path/pkg/mod/github.com/chromedp/chromedp@v0.6.5/allocate.go:199 +0xa1d
2021-02-25T21:21:15.250316+00:00 app[web.1]: 
2021-02-25T21:21:15.250326+00:00 app[web.1]: goroutine 379 [runnable]:
2021-02-25T21:21:15.250353+00:00 app[web.1]: github.com/chromedp/chromedp.(*Browser).run(0xc000392a00, 0xad3440, 0xc000626c30)
2021-02-25T21:21:15.250365+00:00 app[web.1]: /tmp/codon/tmp/cache/go-path/pkg/mod/github.com/chromedp/chromedp@v0.6.5/browser.go:272 +0x2c5
2021-02-25T21:21:15.250372+00:00 app[web.1]: created by github.com/chromedp/chromedp.NewBrowser
2021-02-25T21:21:15.250399+00:00 app[web.1]: /tmp/codon/tmp/cache/go-path/pkg/mod/github.com/chromedp/chromedp@v0.6.5/browser.go:118 +0x431
2021-02-25T21:21:15.250399+00:00 app[web.1]: 
2021-02-25T21:21:15.250403+00:00 app[web.1]: rax    0x0
2021-02-25T21:21:15.250408+00:00 app[web.1]: rbx    0x7fe450c7a700
2021-02-25T21:21:15.250412+00:00 app[web.1]: rcx    0x7fe47795518b
2021-02-25T21:21:15.250418+00:00 app[web.1]: rdx    0x0
2021-02-25T21:21:15.250424+00:00 app[web.1]: rdi    0x2
2021-02-25T21:21:15.250430+00:00 app[web.1]: rsi    0x7fe450c79830
2021-02-25T21:21:15.250435+00:00 app[web.1]: rbp    0xad219a
2021-02-25T21:21:15.250441+00:00 app[web.1]: rsp    0x7fe450c79830
2021-02-25T21:21:15.250446+00:00 app[web.1]: r8     0x0
2021-02-25T21:21:15.250452+00:00 app[web.1]: r9     0x7fe450c79830
2021-02-25T21:21:15.250459+00:00 app[web.1]: r10    0x8
2021-02-25T21:21:15.250463+00:00 app[web.1]: r11    0x246
2021-02-25T21:21:15.250469+00:00 app[web.1]: r12    0x7fe448000c90
2021-02-25T21:21:15.250475+00:00 app[web.1]: r13    0x0
2021-02-25T21:21:15.250481+00:00 app[web.1]: r14    0xab317c
2021-02-25T21:21:15.250487+00:00 app[web.1]: r15    0x0
2021-02-25T21:21:15.250492+00:00 app[web.1]: rip    0x7fe47795518b
2021-02-25T21:21:15.250498+00:00 app[web.1]: rflags 0x246
2021-02-25T21:21:15.250503+00:00 app[web.1]: cs     0x33
2021-02-25T21:21:15.250509+00:00 app[web.1]: fs     0x0
2021-02-25T21:21:15.250537+00:00 app[web.1]: gs     0x0
2021-02-25T21:21:15.378501+00:00 heroku[web.1]: Process exited with status 2
2021-02-25T21:21:15.480948+00:00 heroku[web.1]: State changed from up to crashed
2021-02-25T21:21:15.484336+00:00 heroku[web.1]: State changed from crashed to starting